<?xml version="1.0" encoding="utf-8"?>
<CoverageSession xmlns:xsd="http://www.w3.org/2001/XMLSchema" xmlns:xsi="http://www.w3.org/2001/XMLSchema-instance" Version="4.7.922.0">
  <Summary numSequencePoints="52" visitedSequencePoints="49" numBranchPoints="23" visitedBranchPoints="22" sequenceCoverage="94.23" branchCoverage="95.65" maxCyclomaticComplexity="5" minCyclomaticComplexity="1" maxCrapScore="5" minCrapScore="1" visitedClasses="3" numClasses="3" visitedMethods="8" numMethods="9" />
  <Modules>
    <Module hash="53-22-55-7F-CB-59-EF-0F-9B-8F-F9-47-F8-D1-10-2F-5E-4B-3A-8A">
      <Summary numSequencePoints="0" visitedSequencePoints="0" numBranchPoints="0" visitedBranchPoints="0" sequenceCoverage="0" branchCoverage="0" maxCyclomaticComplexity="1" minCyclomaticComplexity="0" maxCrapScore="2" minCrapScore="0" visitedClasses="0" numClasses="0" visitedMethods="0" numMethods="0" />
      <ModulePath>D:\work\school\cursuri\ASSE\2023-2024\Laborator\Laborator 2\VectorLibrary\TestVector\bin\Debug\fine-code-coverage\build-output\TestVector.dll</ModulePath>
      <ModuleTime>2023-10-15T19:37:05.7225828Z</ModuleTime>
      <ModuleName>TestVector</ModuleName>
      <Files />
      <Classes>
        <Class>
          <Summary numSequencePoints="0" visitedSequencePoints="0" numBranchPoints="0" visitedBranchPoints="0" sequenceCoverage="0" branchCoverage="0" maxCyclomaticComplexity="1" minCyclomaticComplexity="1" maxCrapScore="2" minCrapScore="2" visitedClasses="0" numClasses="0" visitedMethods="0" numMethods="0" />
          <FullName>VectorLibrary.Tests.VectorTests</FullName>
          <Methods>
            <Method visited="false" cyclomaticComplexity="1" nPathComplexity="0" sequenceCoverage="0" branchCoverage="0" crapScore="2" isConstructor="true" isStatic="false" isGetter="false" isSetter="false">
              <Summary numSequencePoints="0" visitedSequencePoints="0" numBranchPoints="0" visitedBranchPoints="0" sequenceCoverage="0" branchCoverage="0" maxCyclomaticComplexity="1" minCyclomaticComplexity="1" maxCrapScore="2" minCrapScore="2" visitedClasses="0" numClasses="0" visitedMethods="0" numMethods="0" />
              <MetadataToken>100663297</MetadataToken>
              <Name>System.Void VectorLibrary.Tests.VectorTests::.ctor()</Name>
              <SequencePoints />
              <BranchPoints />
              <MethodPoint vc="0" uspid="1" ordinal="0" offset="0" />
            </Method>
          </Methods>
        </Class>
      </Classes>
    </Module>
    <Module hash="60-5C-00-0A-81-1E-F1-15-55-B5-E4-7A-EF-A9-83-E3-50-D1-AA-C6">
      <Summary numSequencePoints="52" visitedSequencePoints="49" numBranchPoints="23" visitedBranchPoints="22" sequenceCoverage="94.23" branchCoverage="95.65" maxCyclomaticComplexity="5" minCyclomaticComplexity="1" maxCrapScore="5" minCrapScore="1" visitedClasses="3" numClasses="3" visitedMethods="8" numMethods="9" />
      <ModulePath>D:\work\school\cursuri\ASSE\2023-2024\Laborator\Laborator 2\VectorLibrary\TestVector\bin\Debug\fine-code-coverage\build-output\VectorLibrary.dll</ModulePath>
      <ModuleTime>2023-10-15T19:34:31.6304619Z</ModuleTime>
      <ModuleName>VectorLibrary</ModuleName>
      <Files>
        <File uid="1" fullPath="D:\work\school\cursuri\ASSE\2023-2024\Laborator\Laborator 2\VectorLibrary\VectorLibrary\Vector.cs" />
        <File uid="2" fullPath="D:\work\school\cursuri\ASSE\2023-2024\Laborator\Laborator 2\VectorLibrary\VectorLibrary\Exceptions\EmptyContentsException.cs" />
        <File uid="3" fullPath="D:\work\school\cursuri\ASSE\2023-2024\Laborator\Laborator 2\VectorLibrary\VectorLibrary\Exceptions\NullContentsException.cs" />
      </Files>
      <Classes>
        <Class>
          <Summary numSequencePoints="46" visitedSequencePoints="43" numBranchPoints="21" visitedBranchPoints="20" sequenceCoverage="93.48" branchCoverage="95.24" maxCyclomaticComplexity="5" minCyclomaticComplexity="1" maxCrapScore="5" minCrapScore="1" visitedClasses="1" numClasses="1" visitedMethods="6" numMethods="7" />
          <FullName>VectorLibrary.Vector</FullName>
          <Methods>
            <Method visited="true" cyclomaticComplexity="1" nPathComplexity="0" sequenceCoverage="100" branchCoverage="100" crapScore="1" isConstructor="false" isStatic="false" isGetter="true" isSetter="false">
              <Summary numSequencePoints="3" visitedSequencePoints="3" numBranchPoints="1" visitedBranchPoints="1" sequenceCoverage="100" branchCoverage="100" maxCyclomaticComplexity="1" minCyclomaticComplexity="1" maxCrapScore="1" minCrapScore="1" visitedClasses="0" numClasses="0" visitedMethods="1" numMethods="1" />
              <MetadataToken>100663299</MetadataToken>
              <Name>System.Int32 VectorLibrary.Vector::get_Length()</Name>
              <FileRef uid="1" />
              <SequencePoints>
                <SequencePoint vc="20" uspid="2" ordinal="0" offset="0" sl="59" sc="17" el="59" ec="18" bec="0" bev="0" fileid="1" />
                <SequencePoint vc="20" uspid="3" ordinal="1" offset="1" sl="59" sc="19" el="59" ec="41" bec="0" bev="0" fileid="1" />
                <SequencePoint vc="20" uspid="4" ordinal="2" offset="12" sl="59" sc="43" el="59" ec="44" bec="0" bev="0" fileid="1" />
              </SequencePoints>
              <BranchPoints />
              <MethodPoint xsi:type="SequencePoint" vc="20" uspid="2" ordinal="0" offset="0" sl="59" sc="17" el="59" ec="18" bec="0" bev="0" fileid="1" />
            </Method>
            <Method visited="true" cyclomaticComplexity="1" nPathComplexity="0" sequenceCoverage="100" branchCoverage="100" crapScore="1" isConstructor="false" isStatic="false" isGetter="true" isSetter="false">
              <Summary numSequencePoints="3" visitedSequencePoints="3" numBranchPoints="1" visitedBranchPoints="1" sequenceCoverage="100" branchCoverage="100" maxCyclomaticComplexity="1" minCyclomaticComplexity="1" maxCrapScore="1" minCrapScore="1" visitedClasses="0" numClasses="0" visitedMethods="1" numMethods="1" />
              <MetadataToken>100663300</MetadataToken>
              <Name>System.Double VectorLibrary.Vector::get_Item(System.Int32)</Name>
              <FileRef uid="1" />
              <SequencePoints>
                <SequencePoint vc="12" uspid="5" ordinal="0" offset="0" sl="73" sc="17" el="73" ec="18" bec="0" bev="0" fileid="1" />
                <SequencePoint vc="12" uspid="6" ordinal="1" offset="1" sl="73" sc="19" el="73" ec="41" bec="0" bev="0" fileid="1" />
                <SequencePoint vc="12" uspid="7" ordinal="2" offset="12" sl="73" sc="42" el="73" ec="43" bec="0" bev="0" fileid="1" />
              </SequencePoints>
              <BranchPoints />
              <MethodPoint xsi:type="SequencePoint" vc="12" uspid="5" ordinal="0" offset="0" sl="73" sc="17" el="73" ec="18" bec="0" bev="0" fileid="1" />
            </Method>
            <Method visited="true" cyclomaticComplexity="1" nPathComplexity="0" sequenceCoverage="100" branchCoverage="100" crapScore="1" isConstructor="false" isStatic="false" isGetter="false" isSetter="true">
              <Summary numSequencePoints="3" visitedSequencePoints="3" numBranchPoints="1" visitedBranchPoints="1" sequenceCoverage="100" branchCoverage="100" maxCyclomaticComplexity="1" minCyclomaticComplexity="1" maxCrapScore="1" minCrapScore="1" visitedClasses="0" numClasses="0" visitedMethods="1" numMethods="1" />
              <MetadataToken>100663301</MetadataToken>
              <Name>System.Void VectorLibrary.Vector::set_Item(System.Int32,System.Double)</Name>
              <FileRef uid="1" />
              <SequencePoints>
                <SequencePoint vc="3" uspid="8" ordinal="0" offset="0" sl="74" sc="17" el="74" ec="18" bec="0" bev="0" fileid="1" />
                <SequencePoint vc="3" uspid="9" ordinal="1" offset="1" sl="74" sc="19" el="74" ec="42" bec="0" bev="0" fileid="1" />
                <SequencePoint vc="3" uspid="10" ordinal="2" offset="10" sl="74" sc="43" el="74" ec="44" bec="0" bev="0" fileid="1" />
              </SequencePoints>
              <BranchPoints />
              <MethodPoint xsi:type="SequencePoint" vc="3" uspid="8" ordinal="0" offset="0" sl="74" sc="17" el="74" ec="18" bec="0" bev="0" fileid="1" />
            </Method>
            <Method visited="true" cyclomaticComplexity="2" nPathComplexity="2" sequenceCoverage="100" branchCoverage="100" crapScore="2" isConstructor="true" isStatic="false" isGetter="false" isSetter="false">
              <Summary numSequencePoints="7" visitedSequencePoints="7" numBranchPoints="3" visitedBranchPoints="3" sequenceCoverage="100" branchCoverage="100" maxCyclomaticComplexity="2" minCyclomaticComplexity="2" maxCrapScore="2" minCrapScore="2" visitedClasses="0" numClasses="0" visitedMethods="1" numMethods="1" />
              <MetadataToken>100663297</MetadataToken>
              <Name>System.Void VectorLibrary.Vector::.ctor(System.Int32)</Name>
              <FileRef uid="1" />
              <SequencePoints>
                <SequencePoint vc="4" uspid="11" ordinal="0" offset="0" sl="22" sc="9" el="22" ec="34" bec="0" bev="0" fileid="1" />
                <SequencePoint vc="4" uspid="12" ordinal="1" offset="7" sl="23" sc="9" el="23" ec="10" bec="0" bev="0" fileid="1" />
                <SequencePoint vc="4" uspid="13" ordinal="2" offset="8" sl="24" sc="13" el="24" ec="29" bec="2" bev="2" fileid="1" />
                <SequencePoint vc="2" uspid="14" ordinal="3" offset="19" sl="25" sc="13" el="25" ec="14" bec="0" bev="0" fileid="1" />
                <SequencePoint vc="2" uspid="15" ordinal="4" offset="20" sl="26" sc="17" el="26" ec="72" bec="0" bev="0" fileid="1" />
                <SequencePoint vc="2" uspid="16" ordinal="5" offset="31" sl="28" sc="13" el="28" ec="47" bec="0" bev="0" fileid="1" />
                <SequencePoint vc="2" uspid="17" ordinal="6" offset="43" sl="29" sc="9" el="29" ec="10" bec="0" bev="0" fileid="1" />
              </SequencePoints>
              <BranchPoints>
                <BranchPoint vc="2" uspid="18" ordinal="0" offset="17" sl="24" path="0" offsetend="19" fileid="1" />
                <BranchPoint vc="2" uspid="19" ordinal="1" offset="17" sl="24" path="1" offsetend="31" fileid="1" />
              </BranchPoints>
              <MethodPoint xsi:type="SequencePoint" vc="4" uspid="11" ordinal="0" offset="0" sl="22" sc="9" el="22" ec="34" bec="0" bev="0" fileid="1" />
            </Method>
            <Method visited="true" cyclomaticComplexity="3" nPathComplexity="4" sequenceCoverage="100" branchCoverage="100" crapScore="3" isConstructor="true" isStatic="false" isGetter="false" isSetter="false">
              <Summary numSequencePoints="11" visitedSequencePoints="11" numBranchPoints="5" visitedBranchPoints="5" sequenceCoverage="100" branchCoverage="100" maxCyclomaticComplexity="3" minCyclomaticComplexity="3" maxCrapScore="3" minCrapScore="3" visitedClasses="0" numClasses="0" visitedMethods="1" numMethods="1" />
              <MetadataToken>100663298</MetadataToken>
              <Name>System.Void VectorLibrary.Vector::.ctor(System.Double[])</Name>
              <FileRef uid="1" />
              <SequencePoints>
                <SequencePoint vc="9" uspid="20" ordinal="0" offset="0" sl="37" sc="9" el="37" ec="34" bec="0" bev="0" fileid="1" />
                <SequencePoint vc="9" uspid="21" ordinal="1" offset="7" sl="38" sc="9" el="38" ec="10" bec="0" bev="0" fileid="1" />
                <SequencePoint vc="9" uspid="22" ordinal="2" offset="8" sl="39" sc="13" el="39" ec="26" bec="2" bev="2" fileid="1" />
                <SequencePoint vc="1" uspid="23" ordinal="3" offset="16" sl="40" sc="13" el="40" ec="14" bec="0" bev="0" fileid="1" />
                <SequencePoint vc="1" uspid="24" ordinal="4" offset="17" sl="41" sc="17" el="41" ec="85" bec="0" bev="0" fileid="1" />
                <SequencePoint vc="8" uspid="25" ordinal="5" offset="28" sl="43" sc="13" el="43" ec="31" bec="2" bev="2" fileid="1" />
                <SequencePoint vc="1" uspid="26" ordinal="6" offset="37" sl="44" sc="13" el="44" ec="14" bec="0" bev="0" fileid="1" />
                <SequencePoint vc="1" uspid="27" ordinal="7" offset="38" sl="45" sc="17" el="45" ec="96" bec="0" bev="0" fileid="1" />
                <SequencePoint vc="7" uspid="28" ordinal="8" offset="49" sl="47" sc="13" el="47" ec="44" bec="0" bev="0" fileid="1" />
                <SequencePoint vc="7" uspid="29" ordinal="9" offset="63" sl="48" sc="13" el="48" ec="46" bec="0" bev="0" fileid="1" />
                <SequencePoint vc="7" uspid="30" ordinal="10" offset="79" sl="49" sc="9" el="49" ec="10" bec="0" bev="0" fileid="1" />
              </SequencePoints>
              <BranchPoints>
                <BranchPoint vc="1" uspid="31" ordinal="0" offset="14" sl="39" path="0" offsetend="16" fileid="1" />
                <BranchPoint vc="8" uspid="32" ordinal="1" offset="14" sl="39" path="1" offsetend="28" fileid="1" />
                <BranchPoint vc="1" uspid="33" ordinal="2" offset="35" sl="43" path="0" offsetend="37" fileid="1" />
                <BranchPoint vc="7" uspid="34" ordinal="3" offset="35" sl="43" path="1" offsetend="49" fileid="1" />
              </BranchPoints>
              <MethodPoint xsi:type="SequencePoint" vc="9" uspid="20" ordinal="0" offset="0" sl="37" sc="9" el="37" ec="34" bec="0" bev="0" fileid="1" />
            </Method>
            <Method visited="true" cyclomaticComplexity="5" nPathComplexity="16" sequenceCoverage="100" branchCoverage="100" crapScore="5" isConstructor="false" isStatic="true" isGetter="false" isSetter="false">
              <Summary numSequencePoints="16" visitedSequencePoints="16" numBranchPoints="9" visitedBranchPoints="9" sequenceCoverage="100" branchCoverage="100" maxCyclomaticComplexity="5" minCyclomaticComplexity="5" maxCrapScore="5" minCrapScore="5" visitedClasses="0" numClasses="0" visitedMethods="1" numMethods="1" />
              <MetadataToken>100663302</MetadataToken>
              <Name>VectorLibrary.Vector VectorLibrary.Vector::op_Addition(VectorLibrary.Vector,VectorLibrary.Vector)</Name>
              <FileRef uid="1" />
              <SequencePoints>
                <SequencePoint vc="4" uspid="35" ordinal="0" offset="0" sl="91" sc="9" el="91" ec="10" bec="0" bev="0" fileid="1" />
                <SequencePoint vc="4" uspid="36" ordinal="1" offset="1" sl="92" sc="13" el="92" ec="42" bec="4" bev="4" fileid="1" />
                <SequencePoint vc="2" uspid="37" ordinal="2" offset="15" sl="93" sc="13" el="93" ec="14" bec="0" bev="0" fileid="1" />
                <SequencePoint vc="2" uspid="38" ordinal="3" offset="16" sl="94" sc="17" el="94" ec="64" bec="0" bev="0" fileid="1" />
                <SequencePoint vc="2" uspid="39" ordinal="4" offset="27" sl="96" sc="13" el="96" ec="40" bec="2" bev="2" fileid="1" />
                <SequencePoint vc="1" uspid="40" ordinal="5" offset="48" sl="97" sc="13" el="97" ec="14" bec="0" bev="0" fileid="1" />
                <SequencePoint vc="1" uspid="41" ordinal="6" offset="49" sl="98" sc="17" el="98" ec="70" bec="0" bev="0" fileid="1" />
                <SequencePoint vc="1" uspid="42" ordinal="7" offset="60" sl="100" sc="13" el="100" ec="51" bec="0" bev="0" fileid="1" />
                <SequencePoint vc="1" uspid="43" ordinal="8" offset="72" sl="101" sc="17" el="101" ec="24" bec="0" bev="0" fileid="1" />
                <SequencePoint vc="3" uspid="44" ordinal="9" offset="76" sl="102" sc="13" el="102" ec="14" bec="0" bev="0" fileid="1" />
                <SequencePoint vc="3" uspid="45" ordinal="10" offset="77" sl="103" sc="17" el="103" ec="43" bec="0" bev="0" fileid="1" />
                <SequencePoint vc="3" uspid="46" ordinal="11" offset="100" sl="104" sc="13" el="104" ec="14" bec="0" bev="0" fileid="1" />
                <SequencePoint vc="3" uspid="47" ordinal="12" offset="101" sl="101" sc="39" el="101" ec="42" bec="0" bev="0" fileid="1" />
                <SequencePoint vc="4" uspid="48" ordinal="13" offset="105" sl="101" sc="26" el="101" ec="37" bec="2" bev="2" fileid="1" />
                <SequencePoint vc="1" uspid="49" ordinal="14" offset="120" sl="105" sc="13" el="105" ec="27" bec="0" bev="0" fileid="1" />
                <SequencePoint vc="1" uspid="50" ordinal="15" offset="125" sl="106" sc="9" el="106" ec="10" bec="0" bev="0" fileid="1" />
              </SequencePoints>
              <BranchPoints>
                <BranchPoint vc="3" uspid="51" ordinal="0" offset="2" sl="92" path="0" offsetend="4" fileid="1" />
                <BranchPoint vc="1" uspid="52" ordinal="1" offset="2" sl="92" path="1" offsetend="10" fileid="1" />
                <BranchPoint vc="2" uspid="53" ordinal="2" offset="13" sl="92" path="0" offsetend="15" fileid="1" />
                <BranchPoint vc="2" uspid="54" ordinal="3" offset="13" sl="92" path="1" offsetend="27" fileid="1" />
                <BranchPoint vc="1" uspid="55" ordinal="4" offset="46" sl="96" path="0" offsetend="48" fileid="1" />
                <BranchPoint vc="1" uspid="56" ordinal="5" offset="46" sl="96" path="1" offsetend="60" fileid="1" />
                <BranchPoint vc="1" uspid="57" ordinal="6" offset="118" sl="101" path="0" offsetend="120" fileid="1" />
                <BranchPoint vc="3" uspid="58" ordinal="7" offset="118" sl="101" path="1" offsetend="76" fileid="1" />
              </BranchPoints>
              <MethodPoint xsi:type="SequencePoint" vc="4" uspid="35" ordinal="0" offset="0" sl="91" sc="9" el="91" ec="10" bec="0" bev="0" fileid="1" />
            </Method>
            <Method visited="false" cyclomaticComplexity="1" nPathComplexity="0" sequenceCoverage="0" branchCoverage="0" crapScore="2" isConstructor="false" isStatic="false" isGetter="false" isSetter="false">
              <Summary numSequencePoints="3" visitedSequencePoints="0" numBranchPoints="1" visitedBranchPoints="0" sequenceCoverage="0" branchCoverage="0" maxCyclomaticComplexity="1" minCyclomaticComplexity="1" maxCrapScore="2" minCrapScore="2" visitedClasses="0" numClasses="0" visitedMethods="0" numMethods="1" />
              <MetadataToken>100663303</MetadataToken>
              <Name>System.Int32 VectorLibrary.Vector::MyMethod()</Name>
              <FileRef uid="1" />
              <SequencePoints>
                <SequencePoint vc="0" uspid="59" ordinal="0" offset="0" sl="109" sc="9" el="109" ec="10" bec="0" bev="0" fileid="1" />
                <SequencePoint vc="0" uspid="60" ordinal="1" offset="1" sl="110" sc="13" el="110" ec="22" bec="0" bev="0" fileid="1" />
                <SequencePoint vc="0" uspid="61" ordinal="2" offset="5" sl="111" sc="9" el="111" ec="10" bec="0" bev="0" fileid="1" />
              </SequencePoints>
              <BranchPoints />
              <MethodPoint xsi:type="SequencePoint" vc="0" uspid="59" ordinal="0" offset="0" sl="109" sc="9" el="109" ec="10" bec="0" bev="0" fileid="1" />
            </Method>
          </Methods>
        </Class>
        <Class>
          <Summary numSequencePoints="3" visitedSequencePoints="3" numBranchPoints="1" visitedBranchPoints="1" sequenceCoverage="100" branchCoverage="100" maxCyclomaticComplexity="1" minCyclomaticComplexity="1" maxCrapScore="1" minCrapScore="1" visitedClasses="1" numClasses="1" visitedMethods="1" numMethods="1" />
          <FullName>VectorLibrary.Exceptions.EmptyContentsException</FullName>
          <Methods>
            <Method visited="true" cyclomaticComplexity="1" nPathComplexity="0" sequenceCoverage="100" branchCoverage="100" crapScore="1" isConstructor="true" isStatic="false" isGetter="false" isSetter="false">
              <Summary numSequencePoints="3" visitedSequencePoints="3" numBranchPoints="1" visitedBranchPoints="1" sequenceCoverage="100" branchCoverage="100" maxCyclomaticComplexity="1" minCyclomaticComplexity="1" maxCrapScore="1" minCrapScore="1" visitedClasses="0" numClasses="0" visitedMethods="1" numMethods="1" />
              <MetadataToken>100663304</MetadataToken>
              <Name>System.Void VectorLibrary.Exceptions.EmptyContentsException::.ctor(System.String)</Name>
              <FileRef uid="2" />
              <SequencePoints>
                <SequencePoint vc="1" uspid="62" ordinal="0" offset="0" sl="18" sc="57" el="18" ec="70" bec="0" bev="0" fileid="2" />
                <SequencePoint vc="1" uspid="63" ordinal="1" offset="8" sl="19" sc="9" el="19" ec="10" bec="0" bev="0" fileid="2" />
                <SequencePoint vc="1" uspid="64" ordinal="2" offset="9" sl="21" sc="9" el="21" ec="10" bec="0" bev="0" fileid="2" />
              </SequencePoints>
              <BranchPoints />
              <MethodPoint xsi:type="SequencePoint" vc="1" uspid="62" ordinal="0" offset="0" sl="18" sc="57" el="18" ec="70" bec="0" bev="0" fileid="2" />
            </Method>
          </Methods>
        </Class>
        <Class>
          <Summary numSequencePoints="3" visitedSequencePoints="3" numBranchPoints="1" visitedBranchPoints="1" sequenceCoverage="100" branchCoverage="100" maxCyclomaticComplexity="1" minCyclomaticComplexity="1" maxCrapScore="1" minCrapScore="1" visitedClasses="1" numClasses="1" visitedMethods="1" numMethods="1" />
          <FullName>VectorLibrary.Exceptions.NullContentsException</FullName>
          <Methods>
            <Method visited="true" cyclomaticComplexity="1" nPathComplexity="0" sequenceCoverage="100" branchCoverage="100" crapScore="1" isConstructor="true" isStatic="false" isGetter="false" isSetter="false">
              <Summary numSequencePoints="3" visitedSequencePoints="3" numBranchPoints="1" visitedBranchPoints="1" sequenceCoverage="100" branchCoverage="100" maxCyclomaticComplexity="1" minCyclomaticComplexity="1" maxCrapScore="1" minCrapScore="1" visitedClasses="0" numClasses="0" visitedMethods="1" numMethods="1" />
              <MetadataToken>100663305</MetadataToken>
              <Name>System.Void VectorLibrary.Exceptions.NullContentsException::.ctor(System.String)</Name>
              <FileRef uid="3" />
              <SequencePoints>
                <SequencePoint vc="1" uspid="65" ordinal="0" offset="0" sl="18" sc="56" el="18" ec="69" bec="0" bev="0" fileid="3" />
                <SequencePoint vc="1" uspid="66" ordinal="1" offset="8" sl="19" sc="9" el="19" ec="10" bec="0" bev="0" fileid="3" />
                <SequencePoint vc="1" uspid="67" ordinal="2" offset="9" sl="21" sc="9" el="21" ec="10" bec="0" bev="0" fileid="3" />
              </SequencePoints>
              <BranchPoints />
              <MethodPoint xsi:type="SequencePoint" vc="1" uspid="65" ordinal="0" offset="0" sl="18" sc="56" el="18" ec="69" bec="0" bev="0" fileid="3" />
            </Method>
          </Methods>
        </Class>
      </Classes>
    </Module>
  </Modules>
</CoverageSession>