<?xml version="1.0" encoding="utf-8"?>
<!DOCTYPE coverage SYSTEM "http://cobertura.sourceforge.net/xml/coverage-04.dtd">
<coverage line-rate="0.24850910873294665" branch-rate="0.14267901674385464" lines-covered="3042" lines-valid="12241" branches-covered="801" branches-valid="5614" complexity="5580" version="0" timestamp="1634071064">
  <sources />
  <packages>
    <package name="MyUtils" line-rate="1" branch-rate="1" complexity="5">
      <classes>
        <class name="MyUtils.Vector" filename="d:\work\school\cursuri\ASSE\2021-2022\Laborator\Laborator 2\DemoNunitAndCoverage\MyUtils\Vector.cs" line-rate="1" branch-rate="1" complexity="NaN">
          <methods>
            <method name="Length" signature="()" line-rate="1" branch-rate="1" complexity="NaN">
              <lines>
                <line number="35" hits="11" branch="false" />
                <line number="36" hits="11" branch="false" />
                <line number="37" hits="11" branch="false" />
              </lines>
            </method>
            <method name="Item" signature="(System.Int32)" line-rate="1" branch-rate="1" complexity="NaN">
              <lines>
                <line number="43" hits="6" branch="false" />
                <line number="44" hits="6" branch="false" />
                <line number="45" hits="6" branch="false" />
              </lines>
            </method>
            <method name="Item" signature="(System.Int32,System.Double)" line-rate="1" branch-rate="1" complexity="NaN">
              <lines>
                <line number="47" hits="3" branch="false" />
                <line number="48" hits="3" branch="false" />
                <line number="49" hits="3" branch="false" />
              </lines>
            </method>
            <method name=".ctor" signature="(System.Int32)" line-rate="1" branch-rate="1" complexity="NaN">
              <lines>
                <line number="13" hits="5" branch="false" />
                <line number="14" hits="5" branch="false" />
                <line number="15" hits="5" branch="true" condition-coverage="100% (2/2)" />
                <line number="16" hits="1" branch="false" />
                <line number="17" hits="1" branch="false" />
                <line number="19" hits="4" branch="false" />
                <line number="20" hits="4" branch="false" />
              </lines>
            </method>
            <method name=".ctor" signature="(System.Double[])" line-rate="1" branch-rate="1" complexity="NaN">
              <lines>
                <line number="22" hits="3" branch="false" />
                <line number="23" hits="3" branch="false" />
                <line number="24" hits="3" branch="true" condition-coverage="100% (4/4)" />
                <line number="25" hits="2" branch="false" />
                <line number="26" hits="2" branch="false" />
                <line number="28" hits="1" branch="false" />
                <line number="29" hits="1" branch="false" />
                <line number="30" hits="1" branch="false" />
              </lines>
            </method>
          </methods>
          <lines>
            <line number="13" hits="5" branch="false" />
            <line number="14" hits="5" branch="false" />
            <line number="15" hits="5" branch="true" condition-coverage="100% (2/2)" />
            <line number="16" hits="1" branch="false" />
            <line number="17" hits="1" branch="false" />
            <line number="19" hits="4" branch="false" />
            <line number="20" hits="4" branch="false" />
            <line number="22" hits="3" branch="false" />
            <line number="23" hits="3" branch="false" />
            <line number="24" hits="3" branch="true" condition-coverage="100% (4/4)" />
            <line number="25" hits="2" branch="false" />
            <line number="26" hits="2" branch="false" />
            <line number="28" hits="1" branch="false" />
            <line number="29" hits="1" branch="false" />
            <line number="30" hits="1" branch="false" />
            <line number="35" hits="11" branch="false" />
            <line number="36" hits="11" branch="false" />
            <line number="37" hits="11" branch="false" />
            <line number="43" hits="6" branch="false" />
            <line number="44" hits="6" branch="false" />
            <line number="45" hits="6" branch="false" />
            <line number="47" hits="3" branch="false" />
            <line number="48" hits="3" branch="false" />
            <line number="49" hits="3" branch="false" />
          </lines>
        </class>
      </classes>
    </package>
    <package name="nunit.framework" line-rate="0.213094677343382" branch-rate="0.11912613355317395" complexity="4937">
      <classes>
        <class name="NUnit.Compatibility.AssemblyExtensions" filename="D:\a\1\s\src\NUnitFramework\framework\Compatibility\ReflectionExtensions.cs" line-rate="1" branch-rate="1" complexity="NaN">
          <methods>
            <method name="GetCustomAttribute" signature="(System.Reflection.Assembly)" line-rate="1" branch-rate="1" complexity="NaN">
              <lines />
            </method>
          </methods>
          <lines />
        </class>
        <class name="NUnit.Compatibility.AttributeHelper" filename="D:\a\1\s\src\NUnitFramework\framework\Compatibility\AttributeHelper.cs" line-rate="1" branch-rate="1" complexity="NaN">
          <methods>
            <method name="GetCustomAttributes" signature="(System.Object,System.Type,System.Boolean)" line-rate="1" branch-rate="1" complexity="NaN">
              <lines />
            </method>
          </methods>
          <lines />
        </class>
        <class name="NUnit.Compatibility.LongLivedMarshalByRefObject" filename="D:\a\1\s\src\NUnitFramework\framework\Compatibility\LongLivedMarshalByRefObject.cs" line-rate="1" branch-rate="1" complexity="1">
          <methods>
            <method name="InitializeLifetimeService" signature="()" line-rate="1" branch-rate="1" complexity="1">
              <lines />
            </method>
          </methods>
          <lines />
        </class>
        <class name="NUnit.Compatibility.MethodInfoExtensions" filename="D:\a\1\s\src\NUnitFramework\framework\Compatibility\ReflectionExtensions.cs" line-rate="1" branch-rate="1" complexity="NaN">
          <methods>
            <method name="CreateDelegate" signature="(System.Reflection.MethodInfo,System.Type)" line-rate="1" branch-rate="1" complexity="NaN">
              <lines />
            </method>
            <method name="CreateDelegate" signature="(System.Reflection.MethodInfo,System.Type,System.Object)" line-rate="1" branch-rate="1" complexity="NaN">
              <lines />
            </method>
          </methods>
          <lines />
        </class>
        <class name="NUnit.Compatibility.TypeExtensions" filename="D:\a\1\s\src\NUnitFramework\framework\Compatibility\ReflectionExtensions.cs" line-rate="1" branch-rate="1" complexity="NaN">
          <methods>
            <method name="GetTypeInfo" signature="(System.Type)" line-rate="1" branch-rate="1" complexity="NaN">
              <lines />
            </method>
            <method name="GetMethodInfo" signature="(System.Delegate)" line-rate="1" branch-rate="1" complexity="NaN">
              <lines />
            </method>
          </methods>
          <lines />
        </class>
        <class name="NUnit.Framework.ApartmentAttribute" filename="D:\a\1\s\src\NUnitFramework\framework\Attributes\ApartmentAttribute.cs" line-rate="1" branch-rate="1" complexity="NaN">
          <methods>
            <method name=".ctor" signature="(System.Threading.ApartmentState)" line-rate="1" branch-rate="1" complexity="NaN">
              <lines />
            </method>
          </methods>
          <lines />
        </class>
        <class name="NUnit.Framework.Api.DefaultTestAssemblyBuilder" filename="D:\a\1\s\src\NUnitFramework\framework\Api\DefaultTestAssemblyBuilder.cs" line-rate="1" branch-rate="1" complexity="2">
          <methods>
            <method name=".ctor" signature="()" line-rate="1" branch-rate="1" complexity="1">
              <lines />
            </method>
            <method name="Build" signature="(System.Reflection.Assembly,System.Collections.Generic.IDictionary`2&lt;System.String,System.Object&gt;)" line-rate="1" branch-rate="1" complexity="NaN">
              <lines />
            </method>
            <method name="Build" signature="(System.String,System.Collections.Generic.IDictionary`2&lt;System.String,System.Object&gt;)" line-rate="1" branch-rate="1" complexity="NaN">
              <lines />
            </method>
            <method name="Build" signature="(System.Reflection.Assembly,System.String,System.Collections.Generic.IDictionary`2&lt;System.String,System.Object&gt;)" line-rate="1" branch-rate="1" complexity="NaN">
              <lines />
            </method>
            <method name="GetFixtures" signature="(System.Reflection.Assembly)" line-rate="1" branch-rate="1" complexity="NaN">
              <lines />
            </method>
            <method name="GetCandidateFixtureTypes" signature="(System.Reflection.Assembly)" line-rate="1" branch-rate="1" complexity="NaN">
              <lines />
            </method>
            <method name="BuildTestAssembly" signature="(System.Reflection.Assembly,System.String,System.Collections.Generic.IList`1&lt;NUnit.Framework.Internal.Test&gt;)" line-rate="1" branch-rate="1" complexity="NaN">
              <lines />
            </method>
            <method name=".cctor" signature="()" line-rate="1" branch-rate="1" complexity="1">
              <lines />
            </method>
          </methods>
          <lines />
        </class>
        <class name="NUnit.Framework.Api.FrameworkController" filename="D:\a\1\s\src\NUnitFramework\framework\Api\FrameworkController.cs" line-rate="1" branch-rate="1" complexity="5">
          <methods>
            <method name="Builder" signature="()" line-rate="1" branch-rate="1" complexity="NaN">
              <lines />
            </method>
            <method name="Runner" signature="()" line-rate="1" branch-rate="1" complexity="NaN">
              <lines />
            </method>
            <method name="AssemblyNameOrPath" signature="()" line-rate="1" branch-rate="1" complexity="NaN">
              <lines />
            </method>
            <method name="AssemblyNameOrPath" signature="(System.String)" line-rate="1" branch-rate="1" complexity="NaN">
              <lines />
            </method>
            <method name="Assembly" signature="()" line-rate="1" branch-rate="1" complexity="NaN">
              <lines />
            </method>
            <method name="Assembly" signature="(System.Reflection.Assembly)" line-rate="1" branch-rate="1" complexity="NaN">
              <lines />
            </method>
            <method name="Settings" signature="()" line-rate="1" branch-rate="1" complexity="NaN">
              <lines />
            </method>
            <method name="Settings" signature="(System.Collections.Generic.IDictionary`2&lt;System.String,System.Object&gt;)" line-rate="1" branch-rate="1" complexity="NaN">
              <lines />
            </method>
            <method name=".ctor" signature="(System.String,System.String,System.Collections.IDictionary)" line-rate="1" branch-rate="1" complexity="NaN">
              <lines />
            </method>
            <method name=".ctor" signature="(System.Reflection.Assembly,System.String,System.Collections.IDictionary)" line-rate="1" branch-rate="1" complexity="NaN">
              <lines />
            </method>
            <method name=".ctor" signature="(System.String,System.String,System.Collections.IDictionary,System.String,System.String)" line-rate="1" branch-rate="1" complexity="NaN">
              <lines />
            </method>
            <method name=".ctor" signature="(System.Reflection.Assembly,System.String,System.Collections.IDictionary,System.String,System.String)" line-rate="1" branch-rate="1" complexity="NaN">
              <lines />
            </method>
            <method name="Initialize" signature="(System.String,System.Collections.IDictionary)" line-rate="1" branch-rate="1" complexity="NaN">
              <lines />
            </method>
            <method name="LoadTests" signature="()" line-rate="1" branch-rate="1" complexity="2">
              <lines />
            </method>
            <method name="ExploreTests" signature="(System.String)" line-rate="1" branch-rate="1" complexity="NaN">
              <lines />
            </method>
            <method name="RunTests" signature="(System.String)" line-rate="1" branch-rate="1" complexity="NaN">
              <lines />
            </method>
            <method name="RunTests" signature="(System.Action`1&lt;System.String&gt;,System.String)" line-rate="1" branch-rate="1" complexity="NaN">
              <lines />
            </method>
            <method name="RunAsync" signature="(System.Action`1&lt;System.String&gt;,System.String)" line-rate="1" branch-rate="1" complexity="NaN">
              <lines />
            </method>
            <method name="StopRun" signature="(System.Boolean)" line-rate="1" branch-rate="1" complexity="NaN">
              <lines />
            </method>
            <method name="CountTests" signature="(System.String)" line-rate="1" branch-rate="1" complexity="NaN">
              <lines />
            </method>
            <method name="LoadTests" signature="(System.Web.UI.ICallbackEventHandler)" line-rate="1" branch-rate="1" complexity="NaN">
              <lines />
            </method>
            <method name="ExploreTests" signature="(System.Web.UI.ICallbackEventHandler,System.String)" line-rate="1" branch-rate="1" complexity="NaN">
              <lines />
            </method>
            <method name="RunTests" signature="(System.Web.UI.ICallbackEventHandler,System.String)" line-rate="1" branch-rate="1" complexity="NaN">
              <lines />
            </method>
            <method name="RunAsync" signature="(System.Web.UI.ICallbackEventHandler,System.String)" line-rate="1" branch-rate="1" complexity="NaN">
              <lines />
            </method>
            <method name="StopRun" signature="(System.Web.UI.ICallbackEventHandler,System.Boolean)" line-rate="1" branch-rate="1" complexity="NaN">
              <lines />
            </method>
            <method name="CountTests" signature="(System.Web.UI.ICallbackEventHandler,System.String)" line-rate="1" branch-rate="1" complexity="NaN">
              <lines />
            </method>
            <method name="InsertEnvironmentElement" signature="(NUnit.Framework.Interfaces.TNode)" line-rate="1" branch-rate="1" complexity="NaN">
              <lines />
            </method>
            <method name="GetProcessorArchitecture" signature="()" line-rate="1" branch-rate="1" complexity="2">
              <lines />
            </method>
            <method name="InsertSettingsElement" signature="(NUnit.Framework.Interfaces.TNode,System.Collections.Generic.IDictionary`2&lt;System.String,System.Object&gt;)" line-rate="1" branch-rate="1" complexity="NaN">
              <lines />
            </method>
            <method name="AddSetting" signature="(NUnit.Framework.Interfaces.TNode,System.String,System.Object)" line-rate="1" branch-rate="1" complexity="NaN">
              <lines />
            </method>
            <method name="AddBackwardsCompatibleDictionaryEntries" signature="(NUnit.Framework.Interfaces.TNode,System.Collections.IDictionary)" line-rate="1" branch-rate="1" complexity="NaN">
              <lines />
            </method>
            <method name="AddDictionaryEntries" signature="(NUnit.Framework.Interfaces.TNode,System.Collections.IDictionary)" line-rate="1" branch-rate="1" complexity="NaN">
              <lines />
            </method>
            <method name=".ctor" signature="(System.Action`1&lt;System.String&gt;)" line-rate="1" branch-rate="1" complexity="NaN">
              <lines />
            </method>
            <method name="GetCallbackResult" signature="()" line-rate="1" branch-rate="1" complexity="1">
              <lines />
            </method>
            <method name="RaiseCallbackEvent" signature="(System.String)" line-rate="1" branch-rate="1" complexity="NaN">
              <lines />
            </method>
            <method name=".ctor" signature="(NUnit.Framework.Api.FrameworkController,System.Object)" line-rate="1" branch-rate="1" complexity="NaN">
              <lines />
            </method>
            <method name=".ctor" signature="(NUnit.Framework.Api.FrameworkController,System.String,System.Object)" line-rate="1" branch-rate="1" complexity="NaN">
              <lines />
            </method>
            <method name=".ctor" signature="(NUnit.Framework.Api.FrameworkController,System.String,System.Object)" line-rate="1" branch-rate="1" complexity="NaN">
              <lines />
            </method>
            <method name=".ctor" signature="(NUnit.Framework.Api.FrameworkController,System.String,System.Object)" line-rate="1" branch-rate="1" complexity="NaN">
              <lines />
            </method>
            <method name=".ctor" signature="(NUnit.Framework.Api.FrameworkController,System.String,System.Object)" line-rate="1" branch-rate="1" complexity="NaN">
              <lines />
            </method>
            <method name=".ctor" signature="(NUnit.Framework.Api.FrameworkController,System.Boolean,System.Object)" line-rate="1" branch-rate="1" complexity="NaN">
              <lines />
            </method>
          </methods>
          <lines />
        </class>
        <class name="NUnit.Framework.Api.NUnitTestAssemblyRunner" filename="D:\a\1\s\src\NUnitFramework\framework\Api\NUnitTestAssemblyRunner.cs" line-rate="1" branch-rate="1" complexity="5">
          <methods>
            <method name="DefaultLevelOfParallelism" signature="()" line-rate="1" branch-rate="1" complexity="NaN">
              <lines />
            </method>
            <method name="LoadedTest" signature="()" line-rate="1" branch-rate="1" complexity="NaN">
              <lines />
            </method>
            <method name="LoadedTest" signature="(NUnit.Framework.Interfaces.ITest)" line-rate="1" branch-rate="1" complexity="NaN">
              <lines />
            </method>
            <method name="Result" signature="()" line-rate="1" branch-rate="1" complexity="NaN">
              <lines />
            </method>
            <method name="IsTestLoaded" signature="()" line-rate="1" branch-rate="1" complexity="NaN">
              <lines />
            </method>
            <method name="IsTestRunning" signature="()" line-rate="1" branch-rate="1" complexity="NaN">
              <lines />
            </method>
            <method name="IsTestComplete" signature="()" line-rate="1" branch-rate="1" complexity="NaN">
              <lines />
            </method>
            <method name="Settings" signature="()" line-rate="1" branch-rate="1" complexity="NaN">
              <lines />
            </method>
            <method name="Settings" signature="(System.Collections.Generic.IDictionary`2&lt;System.String,System.Object&gt;)" line-rate="1" branch-rate="1" complexity="NaN">
              <lines />
            </method>
            <method name="TopLevelWorkItem" signature="()" line-rate="1" branch-rate="1" complexity="NaN">
              <lines />
            </method>
            <method name="TopLevelWorkItem" signature="(NUnit.Framework.Internal.Execution.WorkItem)" line-rate="1" branch-rate="1" complexity="NaN">
              <lines />
            </method>
            <method name="Context" signature="()" line-rate="1" branch-rate="1" complexity="NaN">
              <lines />
            </method>
            <method name="Context" signature="(NUnit.Framework.Internal.TestExecutionContext)" line-rate="1" branch-rate="1" complexity="NaN">
              <lines />
            </method>
            <method name=".ctor" signature="(NUnit.Framework.Api.ITestAssemblyBuilder)" line-rate="1" branch-rate="1" complexity="NaN">
              <lines />
            </method>
            <method name="Load" signature="(System.String,System.Collections.Generic.IDictionary`2&lt;System.String,System.Object&gt;)" line-rate="1" branch-rate="1" complexity="NaN">
              <lines />
            </method>
            <method name="Load" signature="(System.Reflection.Assembly,System.Collections.Generic.IDictionary`2&lt;System.String,System.Object&gt;)" line-rate="1" branch-rate="1" complexity="NaN">
              <lines />
            </method>
            <method name="CountTestCases" signature="(NUnit.Framework.Interfaces.ITestFilter)" line-rate="1" branch-rate="1" complexity="NaN">
              <lines />
            </method>
            <method name="ExploreTests" signature="(NUnit.Framework.Interfaces.ITestFilter)" line-rate="1" branch-rate="1" complexity="NaN">
              <lines />
            </method>
            <method name="Run" signature="(NUnit.Framework.Interfaces.ITestListener,NUnit.Framework.Interfaces.ITestFilter)" line-rate="1" branch-rate="1" complexity="NaN">
              <lines />
            </method>
            <method name="RunAsync" signature="(NUnit.Framework.Interfaces.ITestListener,NUnit.Framework.Interfaces.ITestFilter)" line-rate="1" branch-rate="1" complexity="NaN">
              <lines />
            </method>
            <method name="WaitForCompletion" signature="(System.Int32)" line-rate="1" branch-rate="1" complexity="NaN">
              <lines />
            </method>
            <method name="StopRun" signature="(System.Boolean)" line-rate="1" branch-rate="1" complexity="NaN">
              <lines />
            </method>
            <method name="StartRun" signature="(NUnit.Framework.Interfaces.ITestListener)" line-rate="1" branch-rate="1" complexity="NaN">
              <lines />
            </method>
            <method name="CreateTestExecutionContext" signature="(NUnit.Framework.Interfaces.ITestListener)" line-rate="1" branch-rate="1" complexity="NaN">
              <lines />
            </method>
            <method name="OnRunCompleted" signature="(System.Object,System.EventArgs)" line-rate="1" branch-rate="1" complexity="NaN">
              <lines />
            </method>
            <method name="CountTestCases" signature="(NUnit.Framework.Interfaces.ITest,NUnit.Framework.Interfaces.ITestFilter)" line-rate="1" branch-rate="1" complexity="NaN">
              <lines />
            </method>
            <method name="GetLevelOfParallelism" signature="()" line-rate="1" branch-rate="1" complexity="3">
              <lines />
            </method>
            <method name="PauseBeforeRun" signature="()" line-rate="1" branch-rate="1" complexity="1">
              <lines />
            </method>
            <method name="WrapInNUnitCallContext" signature="(System.Action)" line-rate="1" branch-rate="1" complexity="NaN">
              <lines />
            </method>
            <method name=".cctor" signature="()" line-rate="1" branch-rate="1" complexity="1">
              <lines />
            </method>
          </methods>
          <lines />
        </class>
        <class name="NUnit.Framework.Assert" filename="D:\a\1\s\src\NUnitFramework\framework\Assert.Comparisons.cs" line-rate="1" branch-rate="1" complexity="NaN">
          <methods>
            <method name="Greater" signature="(System.Int32,System.Int32,System.String,System.Object[])" line-rate="1" branch-rate="1" complexity="NaN">
              <lines />
            </method>
            <method name="Greater" signature="(System.Int32,System.Int32)" line-rate="1" branch-rate="1" complexity="NaN">
              <lines />
            </method>
            <method name="Greater" signature="(System.UInt32,System.UInt32,System.String,System.Object[])" line-rate="1" branch-rate="1" complexity="NaN">
              <lines />
            </method>
            <method name="Greater" signature="(System.UInt32,System.UInt32)" line-rate="1" branch-rate="1" complexity="NaN">
              <lines />
            </method>
            <method name="Greater" signature="(System.Int64,System.Int64,System.String,System.Object[])" line-rate="1" branch-rate="1" complexity="NaN">
              <lines />
            </method>
            <method name="Greater" signature="(System.Int64,System.Int64)" line-rate="1" branch-rate="1" complexity="NaN">
              <lines />
            </method>
            <method name="Greater" signature="(System.UInt64,System.UInt64,System.String,System.Object[])" line-rate="1" branch-rate="1" complexity="NaN">
              <lines />
            </method>
            <method name="Greater" signature="(System.UInt64,System.UInt64)" line-rate="1" branch-rate="1" complexity="NaN">
              <lines />
            </method>
            <method name="Greater" signature="(System.Decimal,System.Decimal,System.String,System.Object[])" line-rate="1" branch-rate="1" complexity="NaN">
              <lines />
            </method>
            <method name="Greater" signature="(System.Decimal,System.Decimal)" line-rate="1" branch-rate="1" complexity="NaN">
              <lines />
            </method>
            <method name="Greater" signature="(System.Double,System.Double,System.String,System.Object[])" line-rate="1" branch-rate="1" complexity="NaN">
              <lines />
            </method>
            <method name="Greater" signature="(System.Double,System.Double)" line-rate="1" branch-rate="1" complexity="NaN">
              <lines />
            </method>
            <method name="Greater" signature="(System.Single,System.Single,System.String,System.Object[])" line-rate="1" branch-rate="1" complexity="NaN">
              <lines />
            </method>
            <method name="Greater" signature="(System.Single,System.Single)" line-rate="1" branch-rate="1" complexity="NaN">
              <lines />
            </method>
            <method name="Greater" signature="(System.IComparable,System.IComparable,System.String,System.Object[])" line-rate="1" branch-rate="1" complexity="NaN">
              <lines />
            </method>
            <method name="Greater" signature="(System.IComparable,System.IComparable)" line-rate="1" branch-rate="1" complexity="NaN">
              <lines />
            </method>
            <method name="Less" signature="(System.Int32,System.Int32,System.String,System.Object[])" line-rate="1" branch-rate="1" complexity="NaN">
              <lines />
            </method>
            <method name="Less" signature="(System.Int32,System.Int32)" line-rate="1" branch-rate="1" complexity="NaN">
              <lines />
            </method>
            <method name="Less" signature="(System.UInt32,System.UInt32,System.String,System.Object[])" line-rate="1" branch-rate="1" complexity="NaN">
              <lines />
            </method>
            <method name="Less" signature="(System.UInt32,System.UInt32)" line-rate="1" branch-rate="1" complexity="NaN">
              <lines />
            </method>
            <method name="Less" signature="(System.Int64,System.Int64,System.String,System.Object[])" line-rate="1" branch-rate="1" complexity="NaN">
              <lines />
            </method>
            <method name="Less" signature="(System.Int64,System.Int64)" line-rate="1" branch-rate="1" complexity="NaN">
              <lines />
            </method>
            <method name="Less" signature="(System.UInt64,System.UInt64,System.String,System.Object[])" line-rate="1" branch-rate="1" complexity="NaN">
              <lines />
            </method>
            <method name="Less" signature="(System.UInt64,System.UInt64)" line-rate="1" branch-rate="1" complexity="NaN">
              <lines />
            </method>
            <method name="Less" signature="(System.Decimal,System.Decimal,System.String,System.Object[])" line-rate="1" branch-rate="1" complexity="NaN">
              <lines />
            </method>
            <method name="Less" signature="(System.Decimal,System.Decimal)" line-rate="1" branch-rate="1" complexity="NaN">
              <lines />
            </method>
            <method name="Less" signature="(System.Double,System.Double,System.String,System.Object[])" line-rate="1" branch-rate="1" complexity="NaN">
              <lines />
            </method>
            <method name="Less" signature="(System.Double,System.Double)" line-rate="1" branch-rate="1" complexity="NaN">
              <lines />
            </method>
            <method name="Less" signature="(System.Single,System.Single,System.String,System.Object[])" line-rate="1" branch-rate="1" complexity="NaN">
              <lines />
            </method>
            <method name="Less" signature="(System.Single,System.Single)" line-rate="1" branch-rate="1" complexity="NaN">
              <lines />
            </method>
            <method name="Less" signature="(System.IComparable,System.IComparable,System.String,System.Object[])" line-rate="1" branch-rate="1" complexity="NaN">
              <lines />
            </method>
            <method name="Less" signature="(System.IComparable,System.IComparable)" line-rate="1" branch-rate="1" complexity="NaN">
              <lines />
            </method>
            <method name="GreaterOrEqual" signature="(System.Int32,System.Int32,System.String,System.Object[])" line-rate="1" branch-rate="1" complexity="NaN">
              <lines />
            </method>
            <method name="GreaterOrEqual" signature="(System.Int32,System.Int32)" line-rate="1" branch-rate="1" complexity="NaN">
              <lines />
            </method>
            <method name="GreaterOrEqual" signature="(System.UInt32,System.UInt32,System.String,System.Object[])" line-rate="1" branch-rate="1" complexity="NaN">
              <lines />
            </method>
            <method name="GreaterOrEqual" signature="(System.UInt32,System.UInt32)" line-rate="1" branch-rate="1" complexity="NaN">
              <lines />
            </method>
            <method name="GreaterOrEqual" signature="(System.Int64,System.Int64,System.String,System.Object[])" line-rate="1" branch-rate="1" complexity="NaN">
              <lines />
            </method>
            <method name="GreaterOrEqual" signature="(System.Int64,System.Int64)" line-rate="1" branch-rate="1" complexity="NaN">
              <lines />
            </method>
            <method name="GreaterOrEqual" signature="(System.UInt64,System.UInt64,System.String,System.Object[])" line-rate="1" branch-rate="1" complexity="NaN">
              <lines />
            </method>
            <method name="GreaterOrEqual" signature="(System.UInt64,System.UInt64)" line-rate="1" branch-rate="1" complexity="NaN">
              <lines />
            </method>
            <method name="GreaterOrEqual" signature="(System.Decimal,System.Decimal,System.String,System.Object[])" line-rate="1" branch-rate="1" complexity="NaN">
              <lines />
            </method>
            <method name="GreaterOrEqual" signature="(System.Decimal,System.Decimal)" line-rate="1" branch-rate="1" complexity="NaN">
              <lines />
            </method>
            <method name="GreaterOrEqual" signature="(System.Double,System.Double,System.String,System.Object[])" line-rate="1" branch-rate="1" complexity="NaN">
              <lines />
            </method>
            <method name="GreaterOrEqual" signature="(System.Double,System.Double)" line-rate="1" branch-rate="1" complexity="NaN">
              <lines />
            </method>
            <method name="GreaterOrEqual" signature="(System.Single,System.Single,System.String,System.Object[])" line-rate="1" branch-rate="1" complexity="NaN">
              <lines />
            </method>
            <method name="GreaterOrEqual" signature="(System.Single,System.Single)" line-rate="1" branch-rate="1" complexity="NaN">
              <lines />
            </method>
            <method name="GreaterOrEqual" signature="(System.IComparable,System.IComparable,System.String,System.Object[])" line-rate="1" branch-rate="1" complexity="NaN">
              <lines />
            </method>
            <method name="GreaterOrEqual" signature="(System.IComparable,System.IComparable)" line-rate="1" branch-rate="1" complexity="NaN">
              <lines />
            </method>
            <method name="LessOrEqual" signature="(System.Int32,System.Int32,System.String,System.Object[])" line-rate="1" branch-rate="1" complexity="NaN">
              <lines />
            </method>
            <method name="LessOrEqual" signature="(System.Int32,System.Int32)" line-rate="1" branch-rate="1" complexity="NaN">
              <lines />
            </method>
            <method name="LessOrEqual" signature="(System.UInt32,System.UInt32,System.String,System.Object[])" line-rate="1" branch-rate="1" complexity="NaN">
              <lines />
            </method>
            <method name="LessOrEqual" signature="(System.UInt32,System.UInt32)" line-rate="1" branch-rate="1" complexity="NaN">
              <lines />
            </method>
            <method name="LessOrEqual" signature="(System.Int64,System.Int64,System.String,System.Object[])" line-rate="1" branch-rate="1" complexity="NaN">
              <lines />
            </method>
            <method name="LessOrEqual" signature="(System.Int64,System.Int64)" line-rate="1" branch-rate="1" complexity="NaN">
              <lines />
            </method>
            <method name="LessOrEqual" signature="(System.UInt64,System.UInt64,System.String,System.Object[])" line-rate="1" branch-rate="1" complexity="NaN">
              <lines />
            </method>
            <method name="LessOrEqual" signature="(System.UInt64,System.UInt64)" line-rate="1" branch-rate="1" complexity="NaN">
              <lines />
            </method>
            <method name="LessOrEqual" signature="(System.Decimal,System.Decimal,System.String,System.Object[])" line-rate="1" branch-rate="1" complexity="NaN">
              <lines />
            </method>
            <method name="LessOrEqual" signature="(System.Decimal,System.Decimal)" line-rate="1" branch-rate="1" complexity="NaN">
              <lines />
            </method>
            <method name="LessOrEqual" signature="(System.Double,System.Double,System.String,System.Object[])" line-rate="1" branch-rate="1" complexity="NaN">
              <lines />
            </method>
            <method name="LessOrEqual" signature="(System.Double,System.Double)" line-rate="1" branch-rate="1" complexity="NaN">
              <lines />
            </method>
            <method name="LessOrEqual" signature="(System.Single,System.Single,System.String,System.Object[])" line-rate="1" branch-rate="1" complexity="NaN">
              <lines />
            </method>
            <method name="LessOrEqual" signature="(System.Single,System.Single)" line-rate="1" branch-rate="1" complexity="NaN">
              <lines />
            </method>
            <method name="LessOrEqual" signature="(System.IComparable,System.IComparable,System.String,System.Object[])" line-rate="1" branch-rate="1" complexity="NaN">
              <lines />
            </method>
            <method name="LessOrEqual" signature="(System.IComparable,System.IComparable)" line-rate="1" branch-rate="1" complexity="NaN">
              <lines />
            </method>
          </methods>
          <lines />
        </class>
        <class name="NUnit.Framework.Assert" filename="D:\a\1\s\src\NUnitFramework\framework\Assert.Conditions.cs" line-rate="1" branch-rate="1" complexity="NaN">
          <methods>
            <method name="True" signature="(System.Nullable`1&lt;System.Boolean&gt;,System.String,System.Object[])" line-rate="1" branch-rate="1" complexity="NaN">
              <lines />
            </method>
            <method name="True" signature="(System.Boolean,System.String,System.Object[])" line-rate="1" branch-rate="1" complexity="NaN">
              <lines />
            </method>
            <method name="True" signature="(System.Nullable`1&lt;System.Boolean&gt;)" line-rate="1" branch-rate="1" complexity="NaN">
              <lines />
            </method>
            <method name="True" signature="(System.Boolean)" line-rate="1" branch-rate="1" complexity="NaN">
              <lines />
            </method>
            <method name="IsTrue" signature="(System.Nullable`1&lt;System.Boolean&gt;,System.String,System.Object[])" line-rate="1" branch-rate="1" complexity="NaN">
              <lines />
            </method>
            <method name="IsTrue" signature="(System.Boolean,System.String,System.Object[])" line-rate="1" branch-rate="1" complexity="NaN">
              <lines />
            </method>
            <method name="IsTrue" signature="(System.Nullable`1&lt;System.Boolean&gt;)" line-rate="1" branch-rate="1" complexity="NaN">
              <lines />
            </method>
            <method name="IsTrue" signature="(System.Boolean)" line-rate="1" branch-rate="1" complexity="NaN">
              <lines />
            </method>
            <method name="False" signature="(System.Nullable`1&lt;System.Boolean&gt;,System.String,System.Object[])" line-rate="1" branch-rate="1" complexity="NaN">
              <lines />
            </method>
            <method name="False" signature="(System.Boolean,System.String,System.Object[])" line-rate="1" branch-rate="1" complexity="NaN">
              <lines />
            </method>
            <method name="False" signature="(System.Nullable`1&lt;System.Boolean&gt;)" line-rate="1" branch-rate="1" complexity="NaN">
              <lines />
            </method>
            <method name="False" signature="(System.Boolean)" line-rate="1" branch-rate="1" complexity="NaN">
              <lines />
            </method>
            <method name="IsFalse" signature="(System.Nullable`1&lt;System.Boolean&gt;,System.String,System.Object[])" line-rate="1" branch-rate="1" complexity="NaN">
              <lines />
            </method>
            <method name="IsFalse" signature="(System.Boolean,System.String,System.Object[])" line-rate="1" branch-rate="1" complexity="NaN">
              <lines />
            </method>
            <method name="IsFalse" signature="(System.Nullable`1&lt;System.Boolean&gt;)" line-rate="1" branch-rate="1" complexity="NaN">
              <lines />
            </method>
            <method name="IsFalse" signature="(System.Boolean)" line-rate="1" branch-rate="1" complexity="NaN">
              <lines />
            </method>
            <method name="NotNull" signature="(System.Object,System.String,System.Object[])" line-rate="1" branch-rate="1" complexity="NaN">
              <lines />
            </method>
            <method name="NotNull" signature="(System.Object)" line-rate="1" branch-rate="1" complexity="NaN">
              <lines />
            </method>
            <method name="IsNotNull" signature="(System.Object,System.String,System.Object[])" line-rate="1" branch-rate="1" complexity="NaN">
              <lines />
            </method>
            <method name="IsNotNull" signature="(System.Object)" line-rate="1" branch-rate="1" complexity="NaN">
              <lines />
            </method>
            <method name="Null" signature="(System.Object,System.String,System.Object[])" line-rate="1" branch-rate="1" complexity="NaN">
              <lines />
            </method>
            <method name="Null" signature="(System.Object)" line-rate="1" branch-rate="1" complexity="NaN">
              <lines />
            </method>
            <method name="IsNull" signature="(System.Object,System.String,System.Object[])" line-rate="1" branch-rate="1" complexity="NaN">
              <lines />
            </method>
            <method name="IsNull" signature="(System.Object)" line-rate="1" branch-rate="1" complexity="NaN">
              <lines />
            </method>
            <method name="IsNaN" signature="(System.Double,System.String,System.Object[])" line-rate="1" branch-rate="1" complexity="NaN">
              <lines />
            </method>
            <method name="IsNaN" signature="(System.Double)" line-rate="1" branch-rate="1" complexity="NaN">
              <lines />
            </method>
            <method name="IsNaN" signature="(System.Nullable`1&lt;System.Double&gt;,System.String,System.Object[])" line-rate="1" branch-rate="1" complexity="NaN">
              <lines />
            </method>
            <method name="IsNaN" signature="(System.Nullable`1&lt;System.Double&gt;)" line-rate="1" branch-rate="1" complexity="NaN">
              <lines />
            </method>
            <method name="IsEmpty" signature="(System.String,System.String,System.Object[])" line-rate="1" branch-rate="1" complexity="NaN">
              <lines />
            </method>
            <method name="IsEmpty" signature="(System.String)" line-rate="1" branch-rate="1" complexity="NaN">
              <lines />
            </method>
            <method name="IsEmpty" signature="(System.Collections.IEnumerable,System.String,System.Object[])" line-rate="1" branch-rate="1" complexity="NaN">
              <lines />
            </method>
            <method name="IsEmpty" signature="(System.Collections.IEnumerable)" line-rate="1" branch-rate="1" complexity="NaN">
              <lines />
            </method>
            <method name="IsNotEmpty" signature="(System.String,System.String,System.Object[])" line-rate="1" branch-rate="1" complexity="NaN">
              <lines />
            </method>
            <method name="IsNotEmpty" signature="(System.String)" line-rate="1" branch-rate="1" complexity="NaN">
              <lines />
            </method>
            <method name="IsNotEmpty" signature="(System.Collections.IEnumerable,System.String,System.Object[])" line-rate="1" branch-rate="1" complexity="NaN">
              <lines />
            </method>
            <method name="IsNotEmpty" signature="(System.Collections.IEnumerable)" line-rate="1" branch-rate="1" complexity="NaN">
              <lines />
            </method>
            <method name="Zero" signature="(System.Int32)" line-rate="1" branch-rate="1" complexity="NaN">
              <lines />
            </method>
            <method name="Zero" signature="(System.Int32,System.String,System.Object[])" line-rate="1" branch-rate="1" complexity="NaN">
              <lines />
            </method>
            <method name="Zero" signature="(System.UInt32)" line-rate="1" branch-rate="1" complexity="NaN">
              <lines />
            </method>
            <method name="Zero" signature="(System.UInt32,System.String,System.Object[])" line-rate="1" branch-rate="1" complexity="NaN">
              <lines />
            </method>
            <method name="Zero" signature="(System.Int64)" line-rate="1" branch-rate="1" complexity="NaN">
              <lines />
            </method>
            <method name="Zero" signature="(System.Int64,System.String,System.Object[])" line-rate="1" branch-rate="1" complexity="NaN">
              <lines />
            </method>
            <method name="Zero" signature="(System.UInt64)" line-rate="1" branch-rate="1" complexity="NaN">
              <lines />
            </method>
            <method name="Zero" signature="(System.UInt64,System.String,System.Object[])" line-rate="1" branch-rate="1" complexity="NaN">
              <lines />
            </method>
            <method name="Zero" signature="(System.Decimal)" line-rate="1" branch-rate="1" complexity="NaN">
              <lines />
            </method>
            <method name="Zero" signature="(System.Decimal,System.String,System.Object[])" line-rate="1" branch-rate="1" complexity="NaN">
              <lines />
            </method>
            <method name="Zero" signature="(System.Double)" line-rate="1" branch-rate="1" complexity="NaN">
              <lines />
            </method>
            <method name="Zero" signature="(System.Double,System.String,System.Object[])" line-rate="1" branch-rate="1" complexity="NaN">
              <lines />
            </method>
            <method name="Zero" signature="(System.Single)" line-rate="1" branch-rate="1" complexity="NaN">
              <lines />
            </method>
            <method name="Zero" signature="(System.Single,System.String,System.Object[])" line-rate="1" branch-rate="1" complexity="NaN">
              <lines />
            </method>
            <method name="NotZero" signature="(System.Int32)" line-rate="1" branch-rate="1" complexity="NaN">
              <lines />
            </method>
            <method name="NotZero" signature="(System.Int32,System.String,System.Object[])" line-rate="1" branch-rate="1" complexity="NaN">
              <lines />
            </method>
            <method name="NotZero" signature="(System.UInt32)" line-rate="1" branch-rate="1" complexity="NaN">
              <lines />
            </method>
            <method name="NotZero" signature="(System.UInt32,System.String,System.Object[])" line-rate="1" branch-rate="1" complexity="NaN">
              <lines />
            </method>
            <method name="NotZero" signature="(System.Int64)" line-rate="1" branch-rate="1" complexity="NaN">
              <lines />
            </method>
            <method name="NotZero" signature="(System.Int64,System.String,System.Object[])" line-rate="1" branch-rate="1" complexity="NaN">
              <lines />
            </method>
            <method name="NotZero" signature="(System.UInt64)" line-rate="1" branch-rate="1" complexity="NaN">
              <lines />
            </method>
            <method name="NotZero" signature="(System.UInt64,System.String,System.Object[])" line-rate="1" branch-rate="1" complexity="NaN">
              <lines />
            </method>
            <method name="NotZero" signature="(System.Decimal)" line-rate="1" branch-rate="1" complexity="NaN">
              <lines />
            </method>
            <method name="NotZero" signature="(System.Decimal,System.String,System.Object[])" line-rate="1" branch-rate="1" complexity="NaN">
              <lines />
            </method>
            <method name="NotZero" signature="(System.Double)" line-rate="1" branch-rate="1" complexity="NaN">
              <lines />
            </method>
            <method name="NotZero" signature="(System.Double,System.String,System.Object[])" line-rate="1" branch-rate="1" complexity="NaN">
              <lines />
            </method>
            <method name="NotZero" signature="(System.Single)" line-rate="1" branch-rate="1" complexity="NaN">
              <lines />
            </method>
            <method name="NotZero" signature="(System.Single,System.String,System.Object[])" line-rate="1" branch-rate="1" complexity="NaN">
              <lines />
            </method>
            <method name="Positive" signature="(System.Int32)" line-rate="1" branch-rate="1" complexity="NaN">
              <lines />
            </method>
            <method name="Positive" signature="(System.Int32,System.String,System.Object[])" line-rate="1" branch-rate="1" complexity="NaN">
              <lines />
            </method>
            <method name="Positive" signature="(System.UInt32)" line-rate="1" branch-rate="1" complexity="NaN">
              <lines />
            </method>
            <method name="Positive" signature="(System.UInt32,System.String,System.Object[])" line-rate="1" branch-rate="1" complexity="NaN">
              <lines />
            </method>
            <method name="Positive" signature="(System.Int64)" line-rate="1" branch-rate="1" complexity="NaN">
              <lines />
            </method>
            <method name="Positive" signature="(System.Int64,System.String,System.Object[])" line-rate="1" branch-rate="1" complexity="NaN">
              <lines />
            </method>
            <method name="Positive" signature="(System.UInt64)" line-rate="1" branch-rate="1" complexity="NaN">
              <lines />
            </method>
            <method name="Positive" signature="(System.UInt64,System.String,System.Object[])" line-rate="1" branch-rate="1" complexity="NaN">
              <lines />
            </method>
            <method name="Positive" signature="(System.Decimal)" line-rate="1" branch-rate="1" complexity="NaN">
              <lines />
            </method>
            <method name="Positive" signature="(System.Decimal,System.String,System.Object[])" line-rate="1" branch-rate="1" complexity="NaN">
              <lines />
            </method>
            <method name="Positive" signature="(System.Double)" line-rate="1" branch-rate="1" complexity="NaN">
              <lines />
            </method>
            <method name="Positive" signature="(System.Double,System.String,System.Object[])" line-rate="1" branch-rate="1" complexity="NaN">
              <lines />
            </method>
            <method name="Positive" signature="(System.Single)" line-rate="1" branch-rate="1" complexity="NaN">
              <lines />
            </method>
            <method name="Positive" signature="(System.Single,System.String,System.Object[])" line-rate="1" branch-rate="1" complexity="NaN">
              <lines />
            </method>
            <method name="Negative" signature="(System.Int32)" line-rate="1" branch-rate="1" complexity="NaN">
              <lines />
            </method>
            <method name="Negative" signature="(System.Int32,System.String,System.Object[])" line-rate="1" branch-rate="1" complexity="NaN">
              <lines />
            </method>
            <method name="Negative" signature="(System.UInt32)" line-rate="1" branch-rate="1" complexity="NaN">
              <lines />
            </method>
            <method name="Negative" signature="(System.UInt32,System.String,System.Object[])" line-rate="1" branch-rate="1" complexity="NaN">
              <lines />
            </method>
            <method name="Negative" signature="(System.Int64)" line-rate="1" branch-rate="1" complexity="NaN">
              <lines />
            </method>
            <method name="Negative" signature="(System.Int64,System.String,System.Object[])" line-rate="1" branch-rate="1" complexity="NaN">
              <lines />
            </method>
            <method name="Negative" signature="(System.UInt64)" line-rate="1" branch-rate="1" complexity="NaN">
              <lines />
            </method>
            <method name="Negative" signature="(System.UInt64,System.String,System.Object[])" line-rate="1" branch-rate="1" complexity="NaN">
              <lines />
            </method>
            <method name="Negative" signature="(System.Decimal)" line-rate="1" branch-rate="1" complexity="NaN">
              <lines />
            </method>
            <method name="Negative" signature="(System.Decimal,System.String,System.Object[])" line-rate="1" branch-rate="1" complexity="NaN">
              <lines />
            </method>
            <method name="Negative" signature="(System.Double)" line-rate="1" branch-rate="1" complexity="NaN">
              <lines />
            </method>
            <method name="Negative" signature="(System.Double,System.String,System.Object[])" line-rate="1" branch-rate="1" complexity="NaN">
              <lines />
            </method>
            <method name="Negative" signature="(System.Single)" line-rate="1" branch-rate="1" complexity="NaN">
              <lines />
            </method>
            <method name="Negative" signature="(System.Single,System.String,System.Object[])" line-rate="1" branch-rate="1" complexity="NaN">
              <lines />
            </method>
          </methods>
          <lines />
        </class>
        <class name="NUnit.Framework.Assert" filename="D:\a\1\s\src\NUnitFramework\framework\Assert.cs" line-rate="1" branch-rate="1" complexity="7">
          <methods>
            <method name="Equals" signature="(System.Object,System.Object)" line-rate="1" branch-rate="1" complexity="NaN">
              <lines />
            </method>
            <method name="ReferenceEquals" signature="(System.Object,System.Object)" line-rate="1" branch-rate="1" complexity="NaN">
              <lines />
            </method>
            <method name="Pass" signature="(System.String,System.Object[])" line-rate="1" branch-rate="1" complexity="NaN">
              <lines />
            </method>
            <method name="Pass" signature="(System.String)" line-rate="1" branch-rate="1" complexity="NaN">
              <lines />
            </method>
            <method name="Pass" signature="()" line-rate="1" branch-rate="1" complexity="1">
              <lines />
            </method>
            <method name="Fail" signature="(System.String,System.Object[])" line-rate="1" branch-rate="1" complexity="NaN">
              <lines />
            </method>
            <method name="Fail" signature="(System.String)" line-rate="1" branch-rate="1" complexity="NaN">
              <lines />
            </method>
            <method name="Fail" signature="()" line-rate="1" branch-rate="1" complexity="1">
              <lines />
            </method>
            <method name="Warn" signature="(System.String,System.Object[])" line-rate="1" branch-rate="1" complexity="NaN">
              <lines />
            </method>
            <method name="Warn" signature="(System.String)" line-rate="1" branch-rate="1" complexity="NaN">
              <lines />
            </method>
            <method name="Ignore" signature="(System.String,System.Object[])" line-rate="1" branch-rate="1" complexity="NaN">
              <lines />
            </method>
            <method name="Ignore" signature="(System.String)" line-rate="1" branch-rate="1" complexity="NaN">
              <lines />
            </method>
            <method name="Ignore" signature="()" line-rate="1" branch-rate="1" complexity="1">
              <lines />
            </method>
            <method name="Inconclusive" signature="(System.String,System.Object[])" line-rate="1" branch-rate="1" complexity="NaN">
              <lines />
            </method>
            <method name="Inconclusive" signature="(System.String)" line-rate="1" branch-rate="1" complexity="NaN">
              <lines />
            </method>
            <method name="Inconclusive" signature="()" line-rate="1" branch-rate="1" complexity="1">
              <lines />
            </method>
            <method name="Contains" signature="(System.Object,System.Collections.ICollection,System.String,System.Object[])" line-rate="1" branch-rate="1" complexity="NaN">
              <lines />
            </method>
            <method name="Contains" signature="(System.Object,System.Collections.ICollection)" line-rate="1" branch-rate="1" complexity="NaN">
              <lines />
            </method>
            <method name="Multiple" signature="(NUnit.Framework.TestDelegate)" line-rate="1" branch-rate="1" complexity="NaN">
              <lines />
            </method>
            <method name="Multiple" signature="(NUnit.Framework.AsyncTestDelegate)" line-rate="1" branch-rate="1" complexity="NaN">
              <lines />
            </method>
            <method name="ReportFailure" signature="(NUnit.Framework.Constraints.ConstraintResult,System.String)" line-rate="1" branch-rate="1" complexity="NaN">
              <lines />
            </method>
            <method name="ReportFailure" signature="(NUnit.Framework.Constraints.ConstraintResult,System.String,System.Object[])" line-rate="1" branch-rate="1" complexity="NaN">
              <lines />
            </method>
            <method name="ReportFailure" signature="(System.String)" line-rate="1" branch-rate="1" complexity="NaN">
              <lines />
            </method>
            <method name="IssueWarning" signature="(System.String)" line-rate="1" branch-rate="1" complexity="NaN">
              <lines />
            </method>
            <method name="GetStackTrace" signature="()" line-rate="1" branch-rate="1" complexity="1">
              <lines />
            </method>
            <method name="IncrementAssertCount" signature="()" line-rate="1" branch-rate="1" complexity="1">
              <lines />
            </method>
            <method name=".cctor" signature="()" line-rate="1" branch-rate="1" complexity="1">
              <lines />
            </method>
          </methods>
          <lines />
        </class>
        <class name="NUnit.Framework.Assert" filename="D:\a\1\s\src\NUnitFramework\framework\Assert.Equality.cs" line-rate="1" branch-rate="1" complexity="NaN">
          <methods>
            <method name="AreEqual" signature="(System.Double,System.Double,System.Double,System.String,System.Object[])" line-rate="1" branch-rate="1" complexity="NaN">
              <lines />
            </method>
            <method name="AreEqual" signature="(System.Double,System.Double,System.Double)" line-rate="1" branch-rate="1" complexity="NaN">
              <lines />
            </method>
            <method name="AreEqual" signature="(System.Double,System.Nullable`1&lt;System.Double&gt;,System.Double,System.String,System.Object[])" line-rate="1" branch-rate="1" complexity="NaN">
              <lines />
            </method>
            <method name="AreEqual" signature="(System.Double,System.Nullable`1&lt;System.Double&gt;,System.Double)" line-rate="1" branch-rate="1" complexity="NaN">
              <lines />
            </method>
            <method name="AreEqual" signature="(System.Object,System.Object,System.String,System.Object[])" line-rate="1" branch-rate="1" complexity="NaN">
              <lines />
            </method>
            <method name="AreEqual" signature="(System.Object,System.Object)" line-rate="1" branch-rate="1" complexity="NaN">
              <lines />
            </method>
            <method name="AreNotEqual" signature="(System.Object,System.Object,System.String,System.Object[])" line-rate="1" branch-rate="1" complexity="NaN">
              <lines />
            </method>
            <method name="AreNotEqual" signature="(System.Object,System.Object)" line-rate="1" branch-rate="1" complexity="NaN">
              <lines />
            </method>
            <method name="AreSame" signature="(System.Object,System.Object,System.String,System.Object[])" line-rate="1" branch-rate="1" complexity="NaN">
              <lines />
            </method>
            <method name="AreSame" signature="(System.Object,System.Object)" line-rate="1" branch-rate="1" complexity="NaN">
              <lines />
            </method>
            <method name="AreNotSame" signature="(System.Object,System.Object,System.String,System.Object[])" line-rate="1" branch-rate="1" complexity="NaN">
              <lines />
            </method>
            <method name="AreNotSame" signature="(System.Object,System.Object)" line-rate="1" branch-rate="1" complexity="NaN">
              <lines />
            </method>
            <method name="AssertDoublesAreEqual" signature="(System.Double,System.Double,System.Double,System.String,System.Object[])" line-rate="1" branch-rate="1" complexity="NaN">
              <lines />
            </method>
          </methods>
          <lines />
        </class>
        <class name="NUnit.Framework.Assert" filename="D:\a\1\s\src\NUnitFramework\framework\Assert.Exceptions.Async.cs" line-rate="1" branch-rate="1" complexity="NaN">
          <methods>
            <method name="ThrowsAsync" signature="(NUnit.Framework.Constraints.IResolveConstraint,NUnit.Framework.AsyncTestDelegate,System.String,System.Object[])" line-rate="1" branch-rate="1" complexity="NaN">
              <lines />
            </method>
            <method name="ThrowsAsync" signature="(NUnit.Framework.Constraints.IResolveConstraint,NUnit.Framework.AsyncTestDelegate)" line-rate="1" branch-rate="1" complexity="NaN">
              <lines />
            </method>
            <method name="ThrowsAsync" signature="(System.Type,NUnit.Framework.AsyncTestDelegate,System.String,System.Object[])" line-rate="1" branch-rate="1" complexity="NaN">
              <lines />
            </method>
            <method name="ThrowsAsync" signature="(System.Type,NUnit.Framework.AsyncTestDelegate)" line-rate="1" branch-rate="1" complexity="NaN">
              <lines />
            </method>
            <method name="ThrowsAsync" signature="(NUnit.Framework.AsyncTestDelegate,System.String,System.Object[])" line-rate="1" branch-rate="1" complexity="NaN">
              <lines />
            </method>
            <method name="ThrowsAsync" signature="(NUnit.Framework.AsyncTestDelegate)" line-rate="1" branch-rate="1" complexity="NaN">
              <lines />
            </method>
            <method name="CatchAsync" signature="(NUnit.Framework.AsyncTestDelegate,System.String,System.Object[])" line-rate="1" branch-rate="1" complexity="NaN">
              <lines />
            </method>
            <method name="CatchAsync" signature="(NUnit.Framework.AsyncTestDelegate)" line-rate="1" branch-rate="1" complexity="NaN">
              <lines />
            </method>
            <method name="CatchAsync" signature="(System.Type,NUnit.Framework.AsyncTestDelegate,System.String,System.Object[])" line-rate="1" branch-rate="1" complexity="NaN">
              <lines />
            </method>
            <method name="CatchAsync" signature="(System.Type,NUnit.Framework.AsyncTestDelegate)" line-rate="1" branch-rate="1" complexity="NaN">
              <lines />
            </method>
            <method name="CatchAsync" signature="(NUnit.Framework.AsyncTestDelegate,System.String,System.Object[])" line-rate="1" branch-rate="1" complexity="NaN">
              <lines />
            </method>
            <method name="CatchAsync" signature="(NUnit.Framework.AsyncTestDelegate)" line-rate="1" branch-rate="1" complexity="NaN">
              <lines />
            </method>
            <method name="DoesNotThrowAsync" signature="(NUnit.Framework.AsyncTestDelegate,System.String,System.Object[])" line-rate="1" branch-rate="1" complexity="NaN">
              <lines />
            </method>
            <method name="DoesNotThrowAsync" signature="(NUnit.Framework.AsyncTestDelegate)" line-rate="1" branch-rate="1" complexity="NaN">
              <lines />
            </method>
          </methods>
          <lines />
        </class>
        <class name="NUnit.Framework.Assert" filename="D:\a\1\s\src\NUnitFramework\framework\Assert.Exceptions.cs" line-rate="1" branch-rate="1" complexity="NaN">
          <methods>
            <method name="Throws" signature="(NUnit.Framework.Constraints.IResolveConstraint,NUnit.Framework.TestDelegate,System.String,System.Object[])" line-rate="1" branch-rate="1" complexity="NaN">
              <lines />
            </method>
            <method name="Throws" signature="(NUnit.Framework.Constraints.IResolveConstraint,NUnit.Framework.TestDelegate)" line-rate="1" branch-rate="1" complexity="NaN">
              <lines />
            </method>
            <method name="Throws" signature="(System.Type,NUnit.Framework.TestDelegate,System.String,System.Object[])" line-rate="1" branch-rate="1" complexity="NaN">
              <lines />
            </method>
            <method name="Throws" signature="(System.Type,NUnit.Framework.TestDelegate)" line-rate="1" branch-rate="1" complexity="NaN">
              <lines />
            </method>
            <method name="Throws" signature="(NUnit.Framework.TestDelegate,System.String,System.Object[])" line-rate="1" branch-rate="1" complexity="NaN">
              <lines />
            </method>
            <method name="Throws" signature="(NUnit.Framework.TestDelegate)" line-rate="1" branch-rate="1" complexity="NaN">
              <lines />
            </method>
            <method name="Catch" signature="(NUnit.Framework.TestDelegate,System.String,System.Object[])" line-rate="1" branch-rate="1" complexity="NaN">
              <lines />
            </method>
            <method name="Catch" signature="(NUnit.Framework.TestDelegate)" line-rate="1" branch-rate="1" complexity="NaN">
              <lines />
            </method>
            <method name="Catch" signature="(System.Type,NUnit.Framework.TestDelegate,System.String,System.Object[])" line-rate="1" branch-rate="1" complexity="NaN">
              <lines />
            </method>
            <method name="Catch" signature="(System.Type,NUnit.Framework.TestDelegate)" line-rate="1" branch-rate="1" complexity="NaN">
              <lines />
            </method>
            <method name="Catch" signature="(NUnit.Framework.TestDelegate,System.String,System.Object[])" line-rate="1" branch-rate="1" complexity="NaN">
              <lines />
            </method>
            <method name="Catch" signature="(NUnit.Framework.TestDelegate)" line-rate="1" branch-rate="1" complexity="NaN">
              <lines />
            </method>
            <method name="DoesNotThrow" signature="(NUnit.Framework.TestDelegate,System.String,System.Object[])" line-rate="1" branch-rate="1" complexity="NaN">
              <lines />
            </method>
            <method name="DoesNotThrow" signature="(NUnit.Framework.TestDelegate)" line-rate="1" branch-rate="1" complexity="NaN">
              <lines />
            </method>
          </methods>
          <lines />
        </class>
        <class name="NUnit.Framework.Assert" filename="D:\a\1\s\src\NUnitFramework\framework\Assert.That.cs" line-rate="1" branch-rate="1" complexity="NaN">
          <methods>
            <method name="That" signature="(System.Boolean,System.String,System.Object[])" line-rate="1" branch-rate="1" complexity="NaN">
              <lines />
            </method>
            <method name="That" signature="(System.Boolean)" line-rate="1" branch-rate="1" complexity="NaN">
              <lines />
            </method>
            <method name="That" signature="(System.Boolean,System.Func`1&lt;System.String&gt;)" line-rate="1" branch-rate="1" complexity="NaN">
              <lines />
            </method>
            <method name="That" signature="(System.Func`1&lt;System.Boolean&gt;,System.String,System.Object[])" line-rate="1" branch-rate="1" complexity="NaN">
              <lines />
            </method>
            <method name="That" signature="(System.Func`1&lt;System.Boolean&gt;)" line-rate="1" branch-rate="1" complexity="NaN">
              <lines />
            </method>
            <method name="That" signature="(System.Func`1&lt;System.Boolean&gt;,System.Func`1&lt;System.String&gt;)" line-rate="1" branch-rate="1" complexity="NaN">
              <lines />
            </method>
            <method name="That" signature="(NUnit.Framework.Constraints.ActualValueDelegate`1&lt;TActual&gt;,NUnit.Framework.Constraints.IResolveConstraint)" line-rate="1" branch-rate="1" complexity="NaN">
              <lines />
            </method>
            <method name="That" signature="(NUnit.Framework.Constraints.ActualValueDelegate`1&lt;TActual&gt;,NUnit.Framework.Constraints.IResolveConstraint,System.String,System.Object[])" line-rate="1" branch-rate="1" complexity="NaN">
              <lines />
            </method>
            <method name="That" signature="(NUnit.Framework.Constraints.ActualValueDelegate`1&lt;TActual&gt;,NUnit.Framework.Constraints.IResolveConstraint,System.Func`1&lt;System.String&gt;)" line-rate="1" branch-rate="1" complexity="NaN">
              <lines />
            </method>
            <method name="That" signature="(NUnit.Framework.TestDelegate,NUnit.Framework.Constraints.IResolveConstraint)" line-rate="1" branch-rate="1" complexity="NaN">
              <lines />
            </method>
            <method name="That" signature="(NUnit.Framework.TestDelegate,NUnit.Framework.Constraints.IResolveConstraint,System.String,System.Object[])" line-rate="1" branch-rate="1" complexity="NaN">
              <lines />
            </method>
            <method name="That" signature="(NUnit.Framework.TestDelegate,NUnit.Framework.Constraints.IResolveConstraint,System.Func`1&lt;System.String&gt;)" line-rate="1" branch-rate="1" complexity="NaN">
              <lines />
            </method>
            <method name="That" signature="(TActual,NUnit.Framework.Constraints.IResolveConstraint)" line-rate="1" branch-rate="1" complexity="NaN">
              <lines />
            </method>
            <method name="That" signature="(TActual,NUnit.Framework.Constraints.IResolveConstraint,System.String,System.Object[])" line-rate="1" branch-rate="1" complexity="NaN">
              <lines />
            </method>
            <method name="That" signature="(TActual,NUnit.Framework.Constraints.IResolveConstraint,System.Func`1&lt;System.String&gt;)" line-rate="1" branch-rate="1" complexity="NaN">
              <lines />
            </method>
            <method name="ByVal" signature="(System.Object,NUnit.Framework.Constraints.IResolveConstraint)" line-rate="1" branch-rate="1" complexity="NaN">
              <lines />
            </method>
            <method name="ByVal" signature="(System.Object,NUnit.Framework.Constraints.IResolveConstraint,System.String,System.Object[])" line-rate="1" branch-rate="1" complexity="NaN">
              <lines />
            </method>
          </methods>
          <lines />
        </class>
        <class name="NUnit.Framework.Assert" filename="D:\a\1\s\src\NUnitFramework\framework\Assert.Types.cs" line-rate="1" branch-rate="1" complexity="NaN">
          <methods>
            <method name="IsAssignableFrom" signature="(System.Type,System.Object,System.String,System.Object[])" line-rate="1" branch-rate="1" complexity="NaN">
              <lines />
            </method>
            <method name="IsAssignableFrom" signature="(System.Type,System.Object)" line-rate="1" branch-rate="1" complexity="NaN">
              <lines />
            </method>
            <method name="IsAssignableFrom" signature="(System.Object,System.String,System.Object[])" line-rate="1" branch-rate="1" complexity="NaN">
              <lines />
            </method>
            <method name="IsAssignableFrom" signature="(System.Object)" line-rate="1" branch-rate="1" complexity="NaN">
              <lines />
            </method>
            <method name="IsNotAssignableFrom" signature="(System.Type,System.Object,System.String,System.Object[])" line-rate="1" branch-rate="1" complexity="NaN">
              <lines />
            </method>
            <method name="IsNotAssignableFrom" signature="(System.Type,System.Object)" line-rate="1" branch-rate="1" complexity="NaN">
              <lines />
            </method>
            <method name="IsNotAssignableFrom" signature="(System.Object,System.String,System.Object[])" line-rate="1" branch-rate="1" complexity="NaN">
              <lines />
            </method>
            <method name="IsNotAssignableFrom" signature="(System.Object)" line-rate="1" branch-rate="1" complexity="NaN">
              <lines />
            </method>
            <method name="IsInstanceOf" signature="(System.Type,System.Object,System.String,System.Object[])" line-rate="1" branch-rate="1" complexity="NaN">
              <lines />
            </method>
            <method name="IsInstanceOf" signature="(System.Type,System.Object)" line-rate="1" branch-rate="1" complexity="NaN">
              <lines />
            </method>
            <method name="IsInstanceOf" signature="(System.Object,System.String,System.Object[])" line-rate="1" branch-rate="1" complexity="NaN">
              <lines />
            </method>
            <method name="IsInstanceOf" signature="(System.Object)" line-rate="1" branch-rate="1" complexity="NaN">
              <lines />
            </method>
            <method name="IsNotInstanceOf" signature="(System.Type,System.Object,System.String,System.Object[])" line-rate="1" branch-rate="1" complexity="NaN">
              <lines />
            </method>
            <method name="IsNotInstanceOf" signature="(System.Type,System.Object)" line-rate="1" branch-rate="1" complexity="NaN">
              <lines />
            </method>
            <method name="IsNotInstanceOf" signature="(System.Object,System.String,System.Object[])" line-rate="1" branch-rate="1" complexity="NaN">
              <lines />
            </method>
            <method name="IsNotInstanceOf" signature="(System.Object)" line-rate="1" branch-rate="1" complexity="NaN">
              <lines />
            </method>
          </methods>
          <lines />
        </class>
        <class name="NUnit.Framework.AssertionException" filename="D:\a\1\s\src\NUnitFramework\framework\Exceptions\AssertionException.cs" line-rate="1" branch-rate="1" complexity="NaN">
          <methods>
            <method name="ResultState" signature="()" line-rate="1" branch-rate="1" complexity="NaN">
              <lines />
            </method>
            <method name=".ctor" signature="(System.String)" line-rate="1" branch-rate="1" complexity="NaN">
              <lines />
            </method>
            <method name=".ctor" signature="(System.String,System.Exception)" line-rate="1" branch-rate="1" complexity="NaN">
              <lines />
            </method>
            <method name=".ctor" signature="(System.Runtime.Serialization.SerializationInfo,System.Runtime.Serialization.StreamingContext)" line-rate="1" branch-rate="1" complexity="NaN">
              <lines />
            </method>
          </methods>
          <lines />
        </class>
        <class name="NUnit.Framework.AssertionHelper" filename="D:\a\1\s\src\NUnitFramework\framework\AssertionHelper.cs" line-rate="1" branch-rate="1" complexity="5">
          <methods>
            <method name="Not" signature="()" line-rate="1" branch-rate="1" complexity="NaN">
              <lines />
            </method>
            <method name="No" signature="()" line-rate="1" branch-rate="1" complexity="NaN">
              <lines />
            </method>
            <method name="All" signature="()" line-rate="1" branch-rate="1" complexity="NaN">
              <lines />
            </method>
            <method name="Some" signature="()" line-rate="1" branch-rate="1" complexity="NaN">
              <lines />
            </method>
            <method name="None" signature="()" line-rate="1" branch-rate="1" complexity="NaN">
              <lines />
            </method>
            <method name="Length" signature="()" line-rate="1" branch-rate="1" complexity="NaN">
              <lines />
            </method>
            <method name="Count" signature="()" line-rate="1" branch-rate="1" complexity="NaN">
              <lines />
            </method>
            <method name="Message" signature="()" line-rate="1" branch-rate="1" complexity="NaN">
              <lines />
            </method>
            <method name="InnerException" signature="()" line-rate="1" branch-rate="1" complexity="NaN">
              <lines />
            </method>
            <method name="Null" signature="()" line-rate="1" branch-rate="1" complexity="NaN">
              <lines />
            </method>
            <method name="True" signature="()" line-rate="1" branch-rate="1" complexity="NaN">
              <lines />
            </method>
            <method name="False" signature="()" line-rate="1" branch-rate="1" complexity="NaN">
              <lines />
            </method>
            <method name="Positive" signature="()" line-rate="1" branch-rate="1" complexity="NaN">
              <lines />
            </method>
            <method name="Negative" signature="()" line-rate="1" branch-rate="1" complexity="NaN">
              <lines />
            </method>
            <method name="Zero" signature="()" line-rate="1" branch-rate="1" complexity="NaN">
              <lines />
            </method>
            <method name="NaN" signature="()" line-rate="1" branch-rate="1" complexity="NaN">
              <lines />
            </method>
            <method name="Empty" signature="()" line-rate="1" branch-rate="1" complexity="NaN">
              <lines />
            </method>
            <method name="Unique" signature="()" line-rate="1" branch-rate="1" complexity="NaN">
              <lines />
            </method>
            <method name="BinarySerializable" signature="()" line-rate="1" branch-rate="1" complexity="NaN">
              <lines />
            </method>
            <method name="XmlSerializable" signature="()" line-rate="1" branch-rate="1" complexity="NaN">
              <lines />
            </method>
            <method name="Ordered" signature="()" line-rate="1" branch-rate="1" complexity="NaN">
              <lines />
            </method>
            <method name="Expect" signature="(System.Boolean,System.String,System.Object[])" line-rate="1" branch-rate="1" complexity="NaN">
              <lines />
            </method>
            <method name="Expect" signature="(System.Boolean)" line-rate="1" branch-rate="1" complexity="NaN">
              <lines />
            </method>
            <method name="Expect" signature="(NUnit.Framework.Constraints.ActualValueDelegate`1&lt;TActual&gt;,NUnit.Framework.Constraints.IResolveConstraint)" line-rate="1" branch-rate="1" complexity="NaN">
              <lines />
            </method>
            <method name="Expect" signature="(NUnit.Framework.Constraints.ActualValueDelegate`1&lt;TActual&gt;,NUnit.Framework.Constraints.IResolveConstraint,System.String,System.Object[])" line-rate="1" branch-rate="1" complexity="NaN">
              <lines />
            </method>
            <method name="Expect" signature="(NUnit.Framework.TestDelegate,NUnit.Framework.Constraints.IResolveConstraint)" line-rate="1" branch-rate="1" complexity="NaN">
              <lines />
            </method>
            <method name="Expect" signature="(TActual,NUnit.Framework.Constraints.IResolveConstraint)" line-rate="1" branch-rate="1" complexity="NaN">
              <lines />
            </method>
            <method name="Expect" signature="(TActual,NUnit.Framework.Constraints.IResolveConstraint,System.String,System.Object[])" line-rate="1" branch-rate="1" complexity="NaN">
              <lines />
            </method>
            <method name="Map" signature="(System.Collections.ICollection)" line-rate="1" branch-rate="1" complexity="NaN">
              <lines />
            </method>
            <method name="Exactly" signature="(System.Int32)" line-rate="1" branch-rate="1" complexity="NaN">
              <lines />
            </method>
            <method name="Property" signature="(System.String)" line-rate="1" branch-rate="1" complexity="NaN">
              <lines />
            </method>
            <method name="Attribute" signature="(System.Type)" line-rate="1" branch-rate="1" complexity="NaN">
              <lines />
            </method>
            <method name="Attribute" signature="()" line-rate="1" branch-rate="1" complexity="1">
              <lines />
            </method>
            <method name="EqualTo" signature="(System.Object)" line-rate="1" branch-rate="1" complexity="NaN">
              <lines />
            </method>
            <method name="SameAs" signature="(System.Object)" line-rate="1" branch-rate="1" complexity="NaN">
              <lines />
            </method>
            <method name="GreaterThan" signature="(System.Object)" line-rate="1" branch-rate="1" complexity="NaN">
              <lines />
            </method>
            <method name="GreaterThanOrEqualTo" signature="(System.Object)" line-rate="1" branch-rate="1" complexity="NaN">
[...]
            <method name="MakeTestCaseFromXmlNode" signature="(NUnit.VisualStudio.TestAdapter.NUnitEngine.NUnitTestCase)" line-rate="1" branch-rate="1" complexity="NaN">
              <lines />
            </method>
            <method name="CreateDisplayName" signature="(System.String,System.String)" line-rate="1" branch-rate="1" complexity="NaN">
              <lines />
            </method>
            <method name="MakeTestResultFromLegacyXmlNode" signature="(NUnit.VisualStudio.TestAdapter.NUnitEngine.INUnitTestEventTestCase,System.Collections.Generic.IEnumerable`1&lt;NUnit.VisualStudio.TestAdapter.NUnitEngine.INUnitTestEventTestOutput&gt;)" line-rate="1" branch-rate="1" complexity="NaN">
              <lines />
            </method>
            <method name="GetBasicResult" signature="(NUnit.VisualStudio.TestAdapter.NUnitEngine.INUnitTestEvent,System.Collections.Generic.IEnumerable`1&lt;NUnit.VisualStudio.TestAdapter.NUnitEngine.INUnitTestEventTestOutput&gt;)" line-rate="1" branch-rate="1" complexity="NaN">
              <lines />
            </method>
            <method name="FillResultFromOutputNodes" signature="(System.Collections.Generic.IEnumerable`1&lt;NUnit.VisualStudio.TestAdapter.NUnitEngine.INUnitTestEventTestOutput&gt;,Microsoft.VisualStudio.TestPlatform.ObjectModel.TestResult)" line-rate="1" branch-rate="1" complexity="NaN">
              <lines />
            </method>
            <method name="ParseAttachments" signature="(NUnit.VisualStudio.TestAdapter.NUnitEngine.INUnitTestEvent)" line-rate="1" branch-rate="1" complexity="NaN">
              <lines />
            </method>
            <method name="GetTestOutcome" signature="(NUnit.VisualStudio.TestAdapter.NUnitEngine.INUnitTestEvent)" line-rate="1" branch-rate="1" complexity="NaN">
              <lines />
            </method>
            <method name=".cctor" signature="()" line-rate="1" branch-rate="1" complexity="1">
              <lines />
            </method>
            <method name="TestResults" signature="()" line-rate="1" branch-rate="1" complexity="NaN">
              <lines />
            </method>
            <method name="TestResults" signature="(System.Collections.Generic.IList`1&lt;Microsoft.VisualStudio.TestPlatform.ObjectModel.TestResult&gt;)" line-rate="1" branch-rate="1" complexity="NaN">
              <lines />
            </method>
            <method name="TestCaseResult" signature="()" line-rate="1" branch-rate="1" complexity="NaN">
              <lines />
            </method>
            <method name="TestCaseResult" signature="(Microsoft.VisualStudio.TestPlatform.ObjectModel.TestResult)" line-rate="1" branch-rate="1" complexity="NaN">
              <lines />
            </method>
            <method name="ConsoleOutput" signature="()" line-rate="1" branch-rate="1" complexity="NaN">
              <lines />
            </method>
            <method name="ConsoleOutput" signature="(System.String)" line-rate="1" branch-rate="1" complexity="NaN">
              <lines />
            </method>
          </methods>
          <lines />
        </class>
        <class name="NUnit.VisualStudio.TestAdapter.TestLogger" filename="D:\repos\NUnit\nunit3-vs-adapter\src\NUnitTestAdapter\TestLogger.cs" line-rate="1" branch-rate="1" complexity="NaN">
          <methods>
            <method name="MessageLogger" signature="()" line-rate="1" branch-rate="1" complexity="NaN">
              <lines />
            </method>
            <method name="Verbosity" signature="()" line-rate="1" branch-rate="1" complexity="NaN">
              <lines />
            </method>
            <method name="Verbosity" signature="(System.Int32)" line-rate="1" branch-rate="1" complexity="NaN">
              <lines />
            </method>
            <method name=".ctor" signature="(Microsoft.VisualStudio.TestPlatform.ObjectModel.Logging.IMessageLogger)" line-rate="1" branch-rate="1" complexity="NaN">
              <lines />
            </method>
            <method name="InitSettings" signature="(NUnit.VisualStudio.TestAdapter.IAdapterSettings)" line-rate="1" branch-rate="1" complexity="NaN">
              <lines />
            </method>
            <method name="Error" signature="(System.String)" line-rate="1" branch-rate="1" complexity="NaN">
              <lines />
            </method>
            <method name="Error" signature="(System.String,System.Exception)" line-rate="1" branch-rate="1" complexity="NaN">
              <lines />
            </method>
            <method name="Warning" signature="(System.String)" line-rate="1" branch-rate="1" complexity="NaN">
              <lines />
            </method>
            <method name="Warning" signature="(System.String,System.Exception)" line-rate="1" branch-rate="1" complexity="NaN">
              <lines />
            </method>
            <method name="Info" signature="(System.String)" line-rate="1" branch-rate="1" complexity="NaN">
              <lines />
            </method>
            <method name="Debug" signature="(System.String)" line-rate="1" branch-rate="1" complexity="NaN">
              <lines />
            </method>
            <method name="SendMessage" signature="(Microsoft.VisualStudio.TestPlatform.ObjectModel.Logging.TestMessageLevel,System.String)" line-rate="1" branch-rate="1" complexity="NaN">
              <lines />
            </method>
            <method name="SendMessage" signature="(Microsoft.VisualStudio.TestPlatform.ObjectModel.Logging.TestMessageLevel,System.String,System.Exception)" line-rate="1" branch-rate="1" complexity="NaN">
              <lines />
            </method>
          </methods>
          <lines />
        </class>
        <class name="NUnit.VisualStudio.TestAdapter.TfsTestFilter" filename="D:\repos\NUnit\nunit3-vs-adapter\src\NUnitTestAdapter\TfsTestFilter.cs" line-rate="1" branch-rate="1" complexity="2">
          <methods>
            <method name="TfsTestCaseFilterExpression" signature="()" line-rate="1" branch-rate="1" complexity="NaN">
              <lines />
            </method>
            <method name="IsEmpty" signature="()" line-rate="1" branch-rate="1" complexity="NaN">
              <lines />
            </method>
            <method name=".cctor" signature="()" line-rate="1" branch-rate="1" complexity="NaN">
              <lines />
            </method>
            <method name=".ctor" signature="(Microsoft.VisualStudio.TestPlatform.ObjectModel.Adapter.IRunContext)" line-rate="1" branch-rate="1" complexity="NaN">
              <lines />
            </method>
            <method name="CheckFilter" signature="(System.Collections.Generic.IEnumerable`1&lt;Microsoft.VisualStudio.TestPlatform.ObjectModel.TestCase&gt;)" line-rate="1" branch-rate="1" complexity="NaN">
              <lines />
            </method>
            <method name="CheckFilter" signature="(Microsoft.VisualStudio.TestPlatform.ObjectModel.TestCase)" line-rate="1" branch-rate="1" complexity="NaN">
              <lines />
            </method>
            <method name="PropertyValueProvider" signature="(Microsoft.VisualStudio.TestPlatform.ObjectModel.TestCase,System.String)" line-rate="1" branch-rate="1" complexity="NaN">
              <lines />
            </method>
            <method name="TraitContains" signature="()" line-rate="1" branch-rate="1" complexity="2">
              <lines />
            </method>
            <method name="LocalPropertyProvider" signature="(System.String)" line-rate="1" branch-rate="1" complexity="NaN">
              <lines />
            </method>
            <method name="PropertyProvider" signature="(System.String)" line-rate="1" branch-rate="1" complexity="NaN">
              <lines />
            </method>
            <method name="TraitProvider" signature="(System.String)" line-rate="1" branch-rate="1" complexity="NaN">
              <lines />
            </method>
          </methods>
          <lines />
        </class>
        <class name="NUnit.VisualStudio.TestAdapter.TraitsFeature" filename="D:\repos\NUnit\nunit3-vs-adapter\src\NUnitTestAdapter\TraitsFeature.cs" line-rate="1" branch-rate="1" complexity="1">
          <methods>
            <method name="AddTrait" signature="(Microsoft.VisualStudio.TestPlatform.ObjectModel.TestCase,System.String,System.String)" line-rate="1" branch-rate="1" complexity="NaN">
              <lines />
            </method>
            <method name="AddTraitsFromTestNode" signature="(Microsoft.VisualStudio.TestPlatform.ObjectModel.TestCase,NUnit.VisualStudio.TestAdapter.NUnitEngine.NUnitTestCase,System.Collections.Generic.IDictionary`2&lt;System.String,NUnit.VisualStudio.TestAdapter.TraitsFeature/CachedTestCaseInfo&gt;,NUnit.VisualStudio.TestAdapter.ITestLogger,NUnit.VisualStudio.TestAdapter.IAdapterSettings)" line-rate="1" branch-rate="1" complexity="NaN">
              <lines />
            </method>
            <method name="GetTraits" signature="(Microsoft.VisualStudio.TestPlatform.ObjectModel.TestCase)" line-rate="1" branch-rate="1" complexity="NaN">
              <lines />
            </method>
            <method name="GetCategories" signature="(Microsoft.VisualStudio.TestPlatform.ObjectModel.TestCase)" line-rate="1" branch-rate="1" complexity="NaN">
              <lines />
            </method>
            <method name="Traits" signature="()" line-rate="1" branch-rate="1" complexity="NaN">
              <lines />
            </method>
            <method name="Explicit" signature="()" line-rate="1" branch-rate="1" complexity="NaN">
              <lines />
            </method>
            <method name="Explicit" signature="(System.Boolean)" line-rate="1" branch-rate="1" complexity="NaN">
              <lines />
            </method>
            <method name=".ctor" signature="()" line-rate="1" branch-rate="1" complexity="1">
              <lines />
            </method>
          </methods>
          <lines />
        </class>
        <class name="NUnit.VisualStudio.TestAdapter.TryParse" filename="D:\repos\NUnit\nunit3-vs-adapter\src\NUnitTestAdapter\TryParse.cs" line-rate="1" branch-rate="1" complexity="NaN">
          <methods>
            <method name="EnumTryParse" signature="(System.String,T&amp;)" line-rate="1" branch-rate="1" complexity="NaN">
              <lines />
            </method>
          </methods>
          <lines />
        </class>
        <class name="NUnit.VisualStudio.TestAdapter.XmlHelper" filename="D:\repos\NUnit\nunit3-vs-adapter\src\NUnitTestAdapter\XmlHelper.cs" line-rate="1" branch-rate="1" complexity="NaN">
          <methods>
            <method name="CreateTopLevelElement" signature="(System.String)" line-rate="1" branch-rate="1" complexity="NaN">
              <lines />
            </method>
            <method name="CreateXmlNode" signature="(System.String)" line-rate="1" branch-rate="1" complexity="NaN">
              <lines />
            </method>
            <method name="ToXml" signature="(System.String)" line-rate="1" branch-rate="1" complexity="NaN">
              <lines />
            </method>
            <method name="AddAttribute" signature="(System.Xml.XmlNode,System.String,System.String)" line-rate="1" branch-rate="1" complexity="NaN">
              <lines />
            </method>
            <method name="AddElement" signature="(System.Xml.XmlNode,System.String)" line-rate="1" branch-rate="1" complexity="NaN">
              <lines />
            </method>
            <method name="AddElementWithCDataSection" signature="(System.Xml.XmlNode,System.String,System.String)" line-rate="1" branch-rate="1" complexity="NaN">
              <lines />
            </method>
            <method name="GetAttribute" signature="(System.Xml.XmlNode,System.String)" line-rate="1" branch-rate="1" complexity="NaN">
              <lines />
            </method>
            <method name="GetAttribute" signature="(System.Xml.XmlNode,System.String,System.Int32)" line-rate="1" branch-rate="1" complexity="NaN">
              <lines />
            </method>
            <method name="GetAttribute" signature="(System.Xml.XmlNode,System.String,System.Double)" line-rate="1" branch-rate="1" complexity="NaN">
              <lines />
            </method>
            <method name="GetAttribute" signature="(System.Xml.XmlNode,System.String,System.DateTime)" line-rate="1" branch-rate="1" complexity="NaN">
              <lines />
            </method>
          </methods>
          <lines />
        </class>
      </classes>
    </package>
    <package name="TestNUnit" line-rate="1" branch-rate="0.75" complexity="14">
      <classes>
        <class name="TestNUnit.TestColassVectorWithNUnit" filename="d:\work\school\cursuri\ASSE\2021-2022\Laborator\Laborator 2\DemoNunitAndCoverage\TestNUnit\NUnitTest.cs" line-rate="1" branch-rate="0.75" complexity="14">
          <methods>
            <method name="TestConstructorWithLegalSize" signature="()" line-rate="1" branch-rate="1" complexity="1">
              <lines>
                <line number="16" hits="1" branch="false" />
                <line number="17" hits="1" branch="false" />
                <line number="18" hits="1" branch="false" />
                <line number="19" hits="1" branch="false" />
              </lines>
            </method>
            <method name="TestMethodConstructorWithNegativeLength" signature="()" line-rate="1" branch-rate="0.5" complexity="2">
              <lines>
                <line number="24" hits="1" branch="false" />
                <line number="26" hits="2" branch="true" condition-coverage="50% (1/2)" />
                <line number="27" hits="1" branch="false" />
              </lines>
            </method>
            <method name="TestMethodWithLegalSize" signature="()" line-rate="1" branch-rate="1" complexity="1">
              <lines>
                <line number="31" hits="1" branch="false" />
                <line number="32" hits="1" branch="false" />
                <line number="33" hits="1" branch="false" />
                <line number="34" hits="1" branch="false" />
              </lines>
            </method>
            <method name="TestLength" signature="()" line-rate="1" branch-rate="1" complexity="1">
              <lines>
                <line number="38" hits="1" branch="false" />
                <line number="39" hits="1" branch="false" />
                <line number="40" hits="1" branch="false" />
                <line number="41" hits="1" branch="false" />
                <line number="42" hits="1" branch="false" />
              </lines>
            </method>
            <method name="TestConstructorNullContents" signature="()" line-rate="1" branch-rate="0.5" complexity="2">
              <lines>
                <line number="47" hits="1" branch="false" />
                <line number="48" hits="2" branch="true" condition-coverage="50% (1/2)" />
                <line number="49" hits="1" branch="false" />
              </lines>
            </method>
            <method name="TestConstructorEmptyContents" signature="()" line-rate="1" branch-rate="0.5" complexity="2">
              <lines>
                <line number="54" hits="1" branch="false" />
                <line number="55" hits="2" branch="true" condition-coverage="50% (1/2)" />
                <line number="56" hits="1" branch="false" />
              </lines>
            </method>
            <method name="TestConstructorWithContents" signature="()" line-rate="1" branch-rate="1" complexity="2">
              <lines>
                <line number="60" hits="1" branch="false" />
                <line number="61" hits="1" branch="false" />
                <line number="62" hits="1" branch="false" />
                <line number="63" hits="1" branch="false" />
                <line number="64" hits="8" branch="true" condition-coverage="100% (2/2)" />
                <line number="65" hits="3" branch="false" />
                <line number="66" hits="3" branch="false" />
                <line number="67" hits="3" branch="false" />
                <line number="68" hits="1" branch="false" />
              </lines>
            </method>
            <method name="TestIndexer" signature="()" line-rate="1" branch-rate="1" complexity="3">
              <lines>
                <line number="72" hits="1" branch="false" />
                <line number="73" hits="1" branch="false" />
                <line number="74" hits="1" branch="false" />
                <line number="75" hits="1" branch="false" />
                <line number="76" hits="8" branch="true" condition-coverage="100% (2/2)" />
                <line number="77" hits="3" branch="false" />
                <line number="78" hits="3" branch="false" />
                <line number="79" hits="3" branch="false" />
                <line number="80" hits="8" branch="true" condition-coverage="100% (2/2)" />
                <line number="81" hits="3" branch="false" />
                <line number="82" hits="3" branch="false" />
                <line number="83" hits="3" branch="false" />
                <line number="84" hits="1" branch="false" />
              </lines>
            </method>
          </methods>
          <lines>
            <line number="16" hits="1" branch="false" />
            <line number="17" hits="1" branch="false" />
            <line number="18" hits="1" branch="false" />
            <line number="19" hits="1" branch="false" />
            <line number="24" hits="1" branch="false" />
            <line number="26" hits="2" branch="true" condition-coverage="50% (1/2)" />
            <line number="27" hits="1" branch="false" />
            <line number="31" hits="1" branch="false" />
            <line number="32" hits="1" branch="false" />
            <line number="33" hits="1" branch="false" />
            <line number="34" hits="1" branch="false" />
            <line number="38" hits="1" branch="false" />
            <line number="39" hits="1" branch="false" />
            <line number="40" hits="1" branch="false" />
            <line number="41" hits="1" branch="false" />
            <line number="42" hits="1" branch="false" />
            <line number="47" hits="1" branch="false" />
            <line number="48" hits="2" branch="true" condition-coverage="50% (1/2)" />
            <line number="49" hits="1" branch="false" />
            <line number="54" hits="1" branch="false" />
            <line number="55" hits="2" branch="true" condition-coverage="50% (1/2)" />
            <line number="56" hits="1" branch="false" />
            <line number="60" hits="1" branch="false" />
            <line number="61" hits="1" branch="false" />
            <line number="62" hits="1" branch="false" />
            <line number="63" hits="1" branch="false" />
            <line number="64" hits="8" branch="true" condition-coverage="100% (2/2)" />
            <line number="65" hits="3" branch="false" />
            <line number="66" hits="3" branch="false" />
            <line number="67" hits="3" branch="false" />
            <line number="68" hits="1" branch="false" />
            <line number="72" hits="1" branch="false" />
            <line number="73" hits="1" branch="false" />
            <line number="74" hits="1" branch="false" />
            <line number="75" hits="1" branch="false" />
            <line number="76" hits="8" branch="true" condition-coverage="100% (2/2)" />
            <line number="77" hits="3" branch="false" />
            <line number="78" hits="3" branch="false" />
            <line number="79" hits="3" branch="false" />
            <line number="80" hits="8" branch="true" condition-coverage="100% (2/2)" />
            <line number="81" hits="3" branch="false" />
            <line number="82" hits="3" branch="false" />
            <line number="83" hits="3" branch="false" />
            <line number="84" hits="1" branch="false" />
          </lines>
        </class>
      </classes>
    </package>
  </packages>
</coverage>